TN:
SF:ai-service.js
FN:32,initialize
FN:83,getResponse
FN:111,checkHealth
FN:141,clearConversationHistory
FN:151,getConfig
FN:165,registerProvider
FNF:6
FNH:6
FNDA:9,initialize
FNDA:3,getResponse
FNDA:2,checkHealth
FNDA:2,clearConversationHistory
FNDA:2,getConfig
FNDA:6,registerProvider
DA:2,1
DA:3,1
DA:5,1
DA:6,1
DA:8,0
DA:11,1
DA:14,1
DA:19,1
DA:20,1
DA:24,1
DA:25,1
DA:33,9
DA:35,9
DA:36,0
DA:37,0
DA:38,0
DA:39,0
DA:41,0
DA:46,9
DA:47,1
DA:48,1
DA:52,8
DA:53,8
DA:56,8
DA:57,0
DA:58,0
DA:59,0
DA:61,0
DA:64,0
DA:69,9
DA:70,9
DA:84,3
DA:85,3
DA:88,0
DA:90,0
DA:91,0
DA:95,0
DA:102,0
DA:103,0
DA:112,2
DA:113,2
DA:120,0
DA:121,0
DA:122,0
DA:127,0
DA:142,2
DA:144,0
DA:152,2
DA:166,6
DA:167,3
DA:170,3
DA:172,2
DA:175,1
DA:176,1
DA:177,1
DA:180,1
LF:56
LH:34
BRDA:19,0,0,1
BRDA:19,0,1,0
BRDA:32,1,0,0
BRDA:32,2,0,0
BRDA:32,2,1,0
BRDA:35,3,0,0
BRDA:35,3,1,9
BRDA:35,4,0,9
BRDA:35,4,1,2
BRDA:46,5,0,1
BRDA:46,5,1,8
BRDA:56,6,0,0
BRDA:56,6,1,0
BRDA:61,7,0,0
BRDA:61,7,1,0
BRDA:84,8,0,3
BRDA:84,8,1,0
BRDA:90,9,0,0
BRDA:90,9,1,0
BRDA:112,10,0,2
BRDA:112,10,1,0
BRDA:142,11,0,2
BRDA:142,11,1,0
BRDA:155,12,0,0
BRDA:155,12,1,2
BRDA:166,13,0,3
BRDA:166,13,1,3
BRDA:166,14,0,6
BRDA:166,14,1,4
BRDA:170,15,0,2
BRDA:170,15,1,1
BRDA:170,16,0,3
BRDA:170,16,1,3
BRDA:170,16,2,2
BRDA:170,16,3,2
BRF:35
BRH:20
end_of_record
TN:
SF:anthropic-service.js
FN:86,initialize
FN:109,getAIResponse
FN:119,(anonymous_2)
FN:139,getResponse
FN:159,isErrorRetryable
FN:165,formatErrorResponse
FN:179,processAIRequest
FN:194,(anonymous_7)
FN:208,(anonymous_8)
FN:256,extractResponseText
FN:260,validateResponse
FN:266,getConversationHistory
FN:287,clearConversationHistory
FN:291,updateHealthStatus
FN:305,checkHealth
FN:365,isConfigured
FN:371,getConfig
FNF:17
FNH:13
FNDA:2,initialize
FNDA:2,getAIResponse
FNDA:0,(anonymous_2)
FNDA:2,getResponse
FNDA:0,isErrorRetryable
FNDA:0,formatErrorResponse
FNDA:2,processAIRequest
FNDA:1,(anonymous_7)
FNDA:3,(anonymous_8)
FNDA:2,extractResponseText
FNDA:2,validateResponse
FNDA:2,getConversationHistory
FNDA:0,clearConversationHistory
FNDA:2,updateHealthStatus
FNDA:5,checkHealth
FNDA:2,isConfigured
FNDA:1,getConfig
DA:2,1
DA:5,1
DA:6,1
DA:7,1
DA:8,1
DA:11,1
DA:14,1
DA:15,1
DA:16,1
DA:17,1
DA:18,1
DA:19,1
DA:26,1
DA:87,2
DA:89,2
DA:91,2
DA:98,0
DA:99,0
DA:110,2
DA:111,0
DA:112,0
DA:115,2
DA:116,2
DA:117,2
DA:118,2
DA:119,0
DA:121,2
DA:123,0
DA:124,0
DA:125,0
DA:126,0
DA:127,0
DA:128,0
DA:140,2
DA:142,2
DA:143,2
DA:146,2
DA:147,2
DA:154,0
DA:155,0
DA:160,0
DA:161,0
DA:162,0
DA:166,0
DA:167,0
DA:168,0
DA:169,0
DA:170,0
DA:171,0
DA:172,0
DA:173,0
DA:175,0
DA:180,2
DA:182,2
DA:183,2
DA:186,2
DA:188,1
DA:194,1
DA:195,1
DA:196,1
DA:199,0
DA:207,1
DA:208,3
DA:211,1
DA:215,2
DA:220,2
DA:227,2
DA:236,2
DA:237,2
DA:240,2
DA:241,2
DA:246,2
DA:247,2
DA:248,2
DA:250,2
DA:252,2
DA:253,2
DA:257,2
DA:261,2
DA:262,2
DA:263,2
DA:267,2
DA:268,1
DA:277,2
DA:278,2
DA:279,0
DA:280,0
DA:281,0
DA:284,2
DA:288,0
DA:292,2
DA:293,2
DA:294,2
DA:295,2
DA:297,0
DA:298,0
DA:299,0
DA:302,2
DA:306,5
DA:308,5
DA:309,0
DA:317,5
DA:328,5
DA:338,4
DA:339,4
DA:340,4
DA:342,4
DA:349,1
DA:350,1
DA:352,1
DA:353,0
DA:356,1
DA:366,2
DA:367,2
DA:368,2
DA:372,1
DA:384,1
LF:117
LH:82
BRDA:6,0,0,1
BRDA:6,0,1,0
BRDA:7,1,0,1
BRDA:7,1,1,1
BRDA:8,2,0,1
BRDA:8,2,1,1
BRDA:109,3,0,0
BRDA:110,4,0,0
BRDA:110,4,1,2
BRDA:118,5,0,0
BRDA:118,5,1,2
BRDA:125,6,0,0
BRDA:125,6,1,0
BRDA:125,7,0,0
BRDA:125,7,1,0
BRDA:142,8,0,0
BRDA:142,9,0,0
BRDA:160,10,0,0
BRDA:160,10,1,0
BRDA:160,11,0,0
BRDA:160,11,1,0
BRDA:162,12,0,0
BRDA:162,12,1,0
BRDA:162,12,2,0
BRDA:162,12,3,0
BRDA:166,13,0,0
BRDA:166,13,1,0
BRDA:168,14,0,0
BRDA:168,14,1,0
BRDA:169,15,0,0
BRDA:169,15,1,0
BRDA:169,16,0,0
BRDA:169,16,1,0
BRDA:170,17,0,0
BRDA:170,17,1,0
BRDA:172,18,0,0
BRDA:172,18,1,0
BRDA:179,19,0,0
BRDA:186,20,0,1
BRDA:186,20,1,1
BRDA:195,21,0,1
BRDA:195,21,1,0
BRDA:257,22,0,2
BRDA:257,22,1,2
BRDA:261,23,0,0
BRDA:261,23,1,2
BRDA:261,24,0,2
BRDA:261,24,1,2
BRDA:262,25,0,0
BRDA:262,25,1,2
BRDA:267,26,0,1
BRDA:267,26,1,1
BRDA:278,27,0,0
BRDA:278,27,1,2
BRDA:293,28,0,2
BRDA:293,28,1,0
BRDA:298,29,0,0
BRDA:298,29,1,0
BRDA:308,30,0,0
BRDA:308,30,1,5
BRDA:352,31,0,0
BRDA:352,31,1,1
BRDA:367,32,0,2
BRDA:367,32,1,0
BRF:64
BRH:23
end_of_record
TN:
SF:context-manager.js
FN:25,initialize
FN:60,getConversationHistory
FN:136,(anonymous_2)
FN:186,addMessage
FN:309,clearConversation
FN:377,compressConversation
FN:379,(anonymous_6)
FN:382,(anonymous_7)
FN:406,estimateTokens
FN:437,ensureInitialized
FN:448,(anonymous_10)
FNF:11
FNH:0
FNDA:0,initialize
FNDA:0,getConversationHistory
FNDA:0,(anonymous_2)
FNDA:0,addMessage
FNDA:0,clearConversation
FNDA:0,compressConversation
FNDA:0,(anonymous_6)
FNDA:0,(anonymous_7)
FNDA:0,estimateTokens
FNDA:0,ensureInitialized
FNDA:0,(anonymous_10)
DA:2,0
DA:5,0
DA:6,0
DA:7,0
DA:8,0
DA:11,0
DA:14,0
DA:15,0
DA:16,0
DA:19,0
DA:20,0
DA:26,0
DA:29,0
DA:30,0
DA:32,0
DA:39,0
DA:40,0
DA:42,0
DA:43,0
DA:44,0
DA:47,0
DA:48,0
DA:51,0
DA:52,0
DA:61,0
DA:64,0
DA:65,0
DA:66,0
DA:67,0
DA:72,0
DA:73,0
DA:81,0
DA:82,0
DA:85,0
DA:87,0
DA:97,0
DA:100,0
DA:101,0
DA:109,0
DA:122,0
DA:123,0
DA:126,0
DA:136,0
DA:143,0
DA:153,0
DA:154,0
DA:157,0
DA:160,0
DA:161,0
DA:162,0
DA:166,0
DA:175,0
DA:176,0
DA:187,0
DA:190,0
DA:193,0
DA:196,0
DA:198,0
DA:199,0
DA:201,0
DA:205,0
DA:209,0
DA:212,0
DA:214,0
DA:218,0
DA:219,0
DA:222,0
DA:225,0
DA:226,0
DA:228,0
DA:248,0
DA:250,0
DA:266,0
DA:268,0
DA:278,0
DA:279,0
DA:280,0
DA:297,0
DA:302,0
DA:310,0
DA:313,0
DA:316,0
DA:317,0
DA:319,0
DA:329,0
DA:330,0
DA:333,0
DA:344,0
DA:361,0
DA:363,0
DA:364,0
DA:368,0
DA:379,0
DA:382,0
DA:385,0
DA:386,0
DA:389,0
DA:390,0
DA:391,0
DA:394,0
DA:398,0
DA:407,0
DA:409,0
DA:411,0
DA:412,0
DA:414,0
DA:416,0
DA:419,0
DA:420,0
DA:424,0
DA:428,0
DA:430,0
DA:438,0
DA:439,0
DA:443,0
DA:448,0
LF:116
LH:0
BRDA:7,0,0,0
BRDA:7,0,1,0
BRDA:8,1,0,0
BRDA:8,1,1,0
BRDA:26,2,0,0
BRDA:26,2,1,0
BRDA:29,3,0,0
BRDA:29,3,1,0
BRDA:29,4,0,0
BRDA:29,4,1,0
BRDA:60,5,0,0
BRDA:64,6,0,0
BRDA:64,6,1,0
BRDA:66,7,0,0
BRDA:66,7,1,0
BRDA:67,8,0,0
BRDA:67,8,1,0
BRDA:72,9,0,0
BRDA:72,9,1,0
BRDA:82,10,0,0
BRDA:82,10,1,0
BRDA:100,11,0,0
BRDA:100,11,1,0
BRDA:149,12,0,0
BRDA:149,12,1,0
BRDA:154,13,0,0
BRDA:154,13,1,0
BRDA:160,14,0,0
BRDA:160,14,1,0
BRDA:162,15,0,0
BRDA:162,15,1,0
BRDA:176,16,0,0
BRDA:176,16,1,0
BRDA:196,17,0,0
BRDA:196,17,1,0
BRDA:198,18,0,0
BRDA:198,18,1,0
BRDA:198,19,0,0
BRDA:198,19,1,0
BRDA:212,20,0,0
BRDA:212,20,1,0
BRDA:212,21,0,0
BRDA:212,21,1,0
BRDA:225,22,0,0
BRDA:225,22,1,0
BRDA:225,23,0,0
BRDA:225,23,1,0
BRDA:248,24,0,0
BRDA:248,24,1,0
BRDA:248,25,0,0
BRDA:248,25,1,0
BRDA:248,25,2,0
BRDA:266,26,0,0
BRDA:266,26,1,0
BRDA:278,27,0,0
BRDA:278,27,1,0
BRDA:316,28,0,0
BRDA:316,28,1,0
BRDA:329,29,0,0
BRDA:329,29,1,0
BRDA:411,30,0,0
BRDA:411,30,1,0
BRDA:414,31,0,0
BRDA:414,31,1,0
BRDA:438,32,0,0
BRDA:438,32,1,0
BRF:66
BRH:0
end_of_record
TN:
SF:debug-helper.js
FN:22,(anonymous_0)
FN:64,(anonymous_1)
FNF:2
FNH:0
FNDA:0,(anonymous_0)
FNDA:0,(anonymous_1)
DA:2,0
DA:5,0
DA:8,0
DA:9,0
DA:10,0
DA:11,0
DA:12,0
DA:18,0
DA:21,0
DA:22,0
DA:23,0
DA:24,0
DA:25,0
DA:28,0
DA:29,0
DA:30,0
DA:33,0
DA:34,0
DA:35,0
DA:38,0
DA:39,0
DA:40,0
DA:43,0
DA:47,0
DA:51,0
DA:52,0
DA:53,0
DA:54,0
DA:55,0
DA:60,0
DA:63,0
DA:64,0
DA:65,0
DA:66,0
DA:67,0
DA:70,0
DA:71,0
DA:74,0
DA:75,0
DA:76,0
DA:79,0
DA:83,0
DA:87,0
DA:88,0
DA:93,0
DA:105,0
DA:106,0
DA:107,0
DA:110,0
DA:111,0
DA:112,0
DA:115,0
LF:52
LH:0
BRDA:13,0,0,0
BRDA:13,0,1,0
BRDA:14,1,0,0
BRDA:14,1,1,0
BRDA:15,2,0,0
BRDA:15,2,1,0
BRDA:16,3,0,0
BRDA:16,3,1,0
BRDA:56,4,0,0
BRDA:56,4,1,0
BRDA:57,5,0,0
BRDA:57,5,1,0
BRDA:58,6,0,0
BRDA:58,6,1,0
BRDA:107,7,0,0
BRDA:107,7,1,0
BRDA:112,8,0,0
BRDA:112,8,1,0
BRF:18
BRH:0
end_of_record
TN:
SF:debug-path-test.js
FN:24,(anonymous_0)
FNF:1
FNH:0
FNDA:0,(anonymous_0)
DA:6,0
DA:7,0
DA:10,0
DA:11,0
DA:12,0
DA:13,0
DA:14,0
DA:17,0
DA:23,0
DA:24,0
DA:25,0
DA:26,0
DA:27,0
DA:29,0
DA:32,0
DA:34,0
DA:36,0
DA:37,0
DA:38,0
DA:40,0
DA:43,0
DA:45,0
DA:46,0
DA:47,0
DA:48,0
DA:50,0
DA:53,0
DA:55,0
DA:56,0
DA:57,0
DA:58,0
DA:61,0
DA:63,0
DA:66,0
LF:34
LH:0
BRDA:27,0,0,0
BRDA:27,0,1,0
BRF:2
BRH:0
end_of_record
TN:
SF:gemini-service.js
FN:74,initialize
FN:97,getAIResponse
FN:107,(anonymous_2)
FN:127,getResponse
FN:147,isErrorRetryable
FN:153,formatErrorResponse
FN:167,processAIRequest
FN:232,extractResponseText
FN:236,validateResponse
FN:242,getConversationHistory
FN:263,clearConversationHistory
FN:267,updateHealthStatus
FN:281,checkHealth
FN:341,isConfigured
FN:347,getConfig
FNF:15
FNH:0
FNDA:0,initialize
FNDA:0,getAIResponse
FNDA:0,(anonymous_2)
FNDA:0,getResponse
FNDA:0,isErrorRetryable
FNDA:0,formatErrorResponse
FNDA:0,processAIRequest
FNDA:0,extractResponseText
FNDA:0,validateResponse
FNDA:0,getConversationHistory
FNDA:0,clearConversationHistory
FNDA:0,updateHealthStatus
FNDA:0,checkHealth
FNDA:0,isConfigured
FNDA:0,getConfig
DA:2,0
DA:5,0
DA:6,0
DA:9,0
DA:12,0
DA:13,0
DA:14,0
DA:15,0
DA:16,0
DA:17,0
DA:24,0
DA:75,0
DA:77,0
DA:79,0
DA:86,0
DA:87,0
DA:98,0
DA:99,0
DA:100,0
DA:103,0
DA:104,0
DA:105,0
DA:106,0
DA:107,0
DA:109,0
DA:111,0
DA:112,0
DA:113,0
DA:114,0
DA:115,0
DA:116,0
DA:128,0
DA:130,0
DA:131,0
DA:134,0
DA:135,0
DA:142,0
DA:143,0
DA:148,0
DA:149,0
DA:150,0
DA:154,0
DA:155,0
DA:156,0
DA:157,0
DA:158,0
DA:159,0
DA:160,0
DA:161,0
DA:163,0
DA:168,0
DA:170,0
DA:171,0
DA:172,0
DA:177,0
DA:183,0
DA:188,0
DA:190,0
DA:192,0
DA:193,0
DA:196,0
DA:206,0
DA:207,0
DA:214,0
DA:215,0
DA:217,0
DA:222,0
DA:223,0
DA:224,0
DA:226,0
DA:228,0
DA:229,0
DA:233,0
DA:237,0
DA:238,0
DA:239,0
DA:243,0
DA:244,0
DA:253,0
DA:254,0
DA:255,0
DA:256,0
DA:257,0
DA:260,0
DA:264,0
DA:268,0
DA:269,0
DA:270,0
DA:271,0
DA:273,0
DA:274,0
DA:275,0
DA:278,0
DA:282,0
DA:284,0
DA:285,0
DA:293,0
DA:294,0
DA:306,0
DA:314,0
DA:315,0
DA:316,0
DA:318,0
DA:325,0
DA:326,0
DA:328,0
DA:329,0
DA:332,0
DA:342,0
DA:343,0
DA:344,0
DA:348,0
DA:358,0
LF:113
LH:0
BRDA:6,0,0,0
BRDA:6,0,1,0
BRDA:97,1,0,0
BRDA:98,2,0,0
BRDA:98,2,1,0
BRDA:106,3,0,0
BRDA:106,3,1,0
BRDA:113,4,0,0
BRDA:113,4,1,0
BRDA:113,5,0,0
BRDA:113,5,1,0
BRDA:130,6,0,0
BRDA:130,7,0,0
BRDA:148,8,0,0
BRDA:148,8,1,0
BRDA:148,9,0,0
BRDA:148,9,1,0
BRDA:150,10,0,0
BRDA:150,10,1,0
BRDA:150,10,2,0
BRDA:150,10,3,0
BRDA:154,11,0,0
BRDA:154,11,1,0
BRDA:156,12,0,0
BRDA:156,12,1,0
BRDA:157,13,0,0
BRDA:157,13,1,0
BRDA:157,14,0,0
BRDA:157,14,1,0
BRDA:158,15,0,0
BRDA:158,15,1,0
BRDA:160,16,0,0
BRDA:160,16,1,0
BRDA:167,17,0,0
BRDA:171,18,0,0
BRDA:171,18,1,0
BRDA:188,19,0,0
BRDA:188,19,1,0
BRDA:233,20,0,0
BRDA:233,20,1,0
BRDA:237,21,0,0
BRDA:237,21,1,0
BRDA:237,22,0,0
BRDA:237,22,1,0
BRDA:238,23,0,0
BRDA:238,23,1,0
BRDA:243,24,0,0
BRDA:243,24,1,0
BRDA:254,25,0,0
BRDA:254,25,1,0
BRDA:269,26,0,0
BRDA:269,26,1,0
BRDA:274,27,0,0
BRDA:274,27,1,0
BRDA:284,28,0,0
BRDA:284,28,1,0
BRDA:328,29,0,0
BRDA:328,29,1,0
BRDA:343,30,0,0
BRDA:343,30,1,0
BRF:60
BRH:0
end_of_record
TN:
SF:gemini-test.js
FN:6,logSection
FN:13,showConfiguration
FN:34,performHealthCheck
FN:55,testSimpleMessage
FN:81,testConversation
FN:113,testErrorHandling
FN:140,runTests
FNF:7
FNH:0
FNDA:0,logSection
FNDA:0,showConfiguration
FNDA:0,performHealthCheck
FNDA:0,testSimpleMessage
FNDA:0,testConversation
FNDA:0,testErrorHandling
FNDA:0,runTests
DA:2,0
DA:3,0
DA:7,0
DA:8,0
DA:9,0
DA:14,0
DA:16,0
DA:17,0
DA:18,0
DA:19,0
DA:20,0
DA:21,0
DA:24,0
DA:25,0
DA:26,0
DA:27,0
DA:29,0
DA:35,0
DA:37,0
DA:38,0
DA:39,0
DA:40,0
DA:41,0
DA:43,0
DA:44,0
DA:45,0
DA:46,0
DA:50,0
DA:56,0
DA:58,0
DA:59,0
DA:61,0
DA:62,0
DA:63,0
DA:65,0
DA:72,0
DA:73,0
DA:74,0
DA:76,0
DA:82,0
DA:84,0
DA:85,0
DA:91,0
DA:92,0
DA:93,0
DA:94,0
DA:96,0
DA:103,0
DA:104,0
DA:105,0
DA:108,0
DA:114,0
DA:117,0
DA:118,0
DA:120,0
DA:121,0
DA:122,0
DA:129,0
DA:130,0
DA:132,0
DA:135,0
DA:141,0
DA:142,0
DA:144,0
DA:145,0
DA:147,0
DA:148,0
DA:149,0
DA:150,0
DA:152,0
DA:153,0
DA:156,0
DA:158,0
DA:163,0
LF:74
LH:0
BRDA:17,0,0,0
BRDA:17,0,1,0
BRDA:25,1,0,0
BRDA:25,1,1,0
BRDA:43,2,0,0
BRDA:43,2,1,0
BRDA:45,3,0,0
BRDA:45,3,1,0
BRDA:105,4,0,0
BRDA:105,4,1,0
BRDA:147,5,0,0
BRDA:147,5,1,0
BRF:12
BRH:0
end_of_record
TN:
SF:graphai-service.js
FN:22,processMessage
FN:99,clearUserContext
FN:108,isConfigured
FNF:3
FNH:0
FNDA:0,processMessage
FNDA:0,clearUserContext
FNDA:0,isConfigured
DA:2,0
DA:5,0
DA:6,0
DA:9,0
DA:12,0
DA:23,0
DA:24,0
DA:27,0
DA:28,0
DA:34,0
DA:37,0
DA:38,0
DA:42,0
DA:54,0
DA:62,0
DA:65,0
DA:66,0
DA:70,0
DA:73,0
DA:75,0
DA:76,0
DA:79,0
DA:82,0
DA:83,0
DA:84,0
DA:85,0
DA:86,0
DA:88,0
DA:91,0
DA:100,0
DA:101,0
DA:102,0
DA:104,0
DA:109,0
DA:112,0
LF:35
LH:0
BRDA:5,0,0,0
BRDA:5,0,1,0
BRDA:6,1,0,0
BRDA:6,1,1,0
BRDA:6,1,2,0
BRDA:22,2,0,0
BRDA:27,3,0,0
BRDA:27,3,1,0
BRDA:37,4,0,0
BRDA:37,4,1,0
BRDA:49,5,0,0
BRDA:49,5,1,0
BRDA:65,6,0,0
BRDA:65,6,1,0
BRDA:73,7,0,0
BRDA:73,7,1,0
BRDA:73,7,2,0
BRDA:73,7,3,0
BRDA:75,8,0,0
BRDA:75,8,1,0
BRDA:82,9,0,0
BRDA:82,9,1,0
BRDA:85,10,0,0
BRDA:85,10,1,0
BRDA:100,11,0,0
BRDA:100,11,1,0
BRF:26
BRH:0
end_of_record
TN:
SF:hotfix-initialization.js
FN:42,(anonymous_0)
FN:72,(anonymous_1)
FN:73,(anonymous_2)
FN:78,(anonymous_3)
FNF:4
FNH:0
FNDA:0,(anonymous_0)
FNDA:0,(anonymous_1)
FNDA:0,(anonymous_2)
FNDA:0,(anonymous_3)
DA:15,0
DA:16,0
DA:19,0
DA:21,0
DA:24,0
DA:25,0
DA:26,0
DA:29,0
DA:30,0
DA:33,0
DA:34,0
DA:36,0
DA:39,0
DA:42,0
DA:43,0
DA:44,0
DA:45,0
DA:46,0
DA:48,0
DA:49,0
DA:50,0
DA:52,0
DA:53,0
DA:54,0
DA:56,0
DA:57,0
DA:59,0
DA:61,0
DA:62,0
DA:63,0
DA:64,0
DA:65,0
DA:66,0
DA:67,0
DA:72,0
DA:73,0
DA:77,0
DA:79,0
DA:80,0
DA:84,0
DA:85,0
DA:86,0
DA:87,0
DA:88,0
DA:89,0
LF:45
LH:0
BRDA:30,0,0,0
BRDA:30,0,1,0
BRDA:33,1,0,0
BRDA:33,1,1,0
BRF:4
BRH:0
end_of_record
TN:
SF:hotfix-memory-only.js
FNF:0
FNH:0
DA:14,0
DA:15,0
DA:16,0
DA:19,0
DA:21,0
DA:24,0
DA:27,0
DA:28,0
DA:31,0
DA:49,0
DA:50,0
DA:51,0
DA:53,0
DA:54,0
DA:57,0
DA:60,0
DA:63,0
DA:65,0
DA:66,0
DA:69,0
DA:70,0
DA:74,0
DA:75,0
DA:76,0
DA:78,0
DA:79,0
DA:84,0
DA:86,0
DA:88,0
DA:89,0
DA:90,0
DA:93,0
DA:94,0
DA:97,0
DA:99,0
DA:136,0
DA:139,0
DA:140,0
DA:142,0
DA:143,0
DA:146,0
DA:147,0
DA:148,0
DA:149,0
LF:44
LH:0
BRDA:27,0,0,0
BRDA:27,0,1,0
BRDA:33,1,0,0
BRDA:33,1,1,0
BRDA:36,2,0,0
BRDA:36,2,1,0
BRDA:39,3,0,0
BRDA:39,3,1,0
BRDA:40,4,0,0
BRDA:40,4,1,0
BRDA:46,5,0,0
BRDA:46,5,1,0
BRDA:63,6,0,0
BRDA:63,6,1,0
BRDA:88,7,0,0
BRDA:88,7,1,0
BRF:16
BRH:0
end_of_record
TN:
SF:index.js
FN:48,(anonymous_0)
FN:58,(anonymous_1)
FN:59,(anonymous_2)
FN:60,(anonymous_3)
FN:61,(anonymous_4)
FN:62,(anonymous_5)
FN:67,(anonymous_6)
FN:68,(anonymous_7)
FN:77,(anonymous_8)
FN:79,(anonymous_9)
FN:80,(anonymous_10)
FN:89,(anonymous_11)
FN:95,(anonymous_12)
FN:102,(anonymous_13)
FN:115,(anonymous_14)
FN:116,(anonymous_15)
FN:117,(anonymous_16)
FN:125,(anonymous_17)
FN:126,(anonymous_18)
FN:127,(anonymous_19)
FN:128,(anonymous_20)
FN:129,(anonymous_21)
FN:138,(anonymous_22)
FN:148,(anonymous_23)
FN:155,(anonymous_24)
FN:167,(anonymous_25)
FN:168,(anonymous_26)
FN:169,(anonymous_27)
FN:170,(anonymous_28)
FN:171,(anonymous_29)
FN:172,(anonymous_30)
FN:181,(anonymous_31)
FN:182,(anonymous_32)
FN:183,(anonymous_33)
FN:189,(anonymous_34)
FN:194,(anonymous_35)
FN:195,(anonymous_36)
FN:208,(anonymous_37)
FN:217,(anonymous_38)
FN:220,(anonymous_39)
FN:227,(anonymous_40)
FN:231,(anonymous_41)
FN:247,(anonymous_42)
FN:250,(anonymous_43)
FN:256,(anonymous_44)
FN:261,(anonymous_45)
FNF:46
FNH:0
FNDA:0,(anonymous_0)
FNDA:0,(anonymous_1)
FNDA:0,(anonymous_2)
FNDA:0,(anonymous_3)
FNDA:0,(anonymous_4)
FNDA:0,(anonymous_5)
FNDA:0,(anonymous_6)
FNDA:0,(anonymous_7)
FNDA:0,(anonymous_8)
FNDA:0,(anonymous_9)
FNDA:0,(anonymous_10)
FNDA:0,(anonymous_11)
FNDA:0,(anonymous_12)
FNDA:0,(anonymous_13)
FNDA:0,(anonymous_14)
FNDA:0,(anonymous_15)
FNDA:0,(anonymous_16)
FNDA:0,(anonymous_17)
FNDA:0,(anonymous_18)
FNDA:0,(anonymous_19)
FNDA:0,(anonymous_20)
FNDA:0,(anonymous_21)
FNDA:0,(anonymous_22)
FNDA:0,(anonymous_23)
FNDA:0,(anonymous_24)
FNDA:0,(anonymous_25)
FNDA:0,(anonymous_26)
FNDA:0,(anonymous_27)
FNDA:0,(anonymous_28)
FNDA:0,(anonymous_29)
FNDA:0,(anonymous_30)
FNDA:0,(anonymous_31)
FNDA:0,(anonymous_32)
FNDA:0,(anonymous_33)
FNDA:0,(anonymous_34)
FNDA:0,(anonymous_35)
FNDA:0,(anonymous_36)
FNDA:0,(anonymous_37)
FNDA:0,(anonymous_38)
FNDA:0,(anonymous_39)
FNDA:0,(anonymous_40)
FNDA:0,(anonymous_41)
FNDA:0,(anonymous_42)
FNDA:0,(anonymous_43)
FNDA:0,(anonymous_44)
FNDA:0,(anonymous_45)
DA:12,0
DA:15,0
DA:18,0
DA:21,0
DA:32,0
DA:33,0
DA:34,0
DA:35,0
DA:36,0
DA:37,0
DA:40,0
DA:41,0
DA:43,0
DA:47,0
DA:48,0
DA:49,0
DA:50,0
DA:52,0
DA:56,0
DA:57,0
DA:58,0
DA:60,0
DA:61,0
DA:65,0
DA:66,0
DA:67,0
DA:68,0
DA:70,0
DA:74,0
DA:75,0
DA:76,0
DA:77,0
DA:79,0
DA:80,0
DA:84,0
DA:87,0
DA:88,0
DA:90,0
DA:93,0
DA:96,0
DA:97,0
DA:99,0
DA:103,0
DA:104,0
DA:107,0
DA:110,0
DA:113,0
DA:115,0
DA:116,0
DA:117,0
DA:122,0
DA:123,0
DA:124,0
DA:125,0
DA:126,0
DA:127,0
DA:128,0
DA:129,0
DA:133,0
DA:136,0
DA:137,0
DA:139,0
DA:140,0
DA:143,0
DA:145,0
DA:149,0
DA:150,0
DA:152,0
DA:156,0
DA:157,0
DA:160,0
DA:163,0
DA:166,0
DA:167,0
DA:168,0
DA:169,0
DA:170,0
DA:171,0
DA:172,0
DA:179,0
DA:180,0
DA:181,0
DA:182,0
DA:183,0
DA:187,0
DA:188,0
DA:190,0
DA:191,0
DA:192,0
DA:195,0
DA:199,0
DA:200,0
DA:201,0
DA:202,0
DA:206,0
DA:207,0
DA:209,0
DA:210,0
DA:211,0
DA:213,0
DA:215,0
DA:218,0
DA:221,0
DA:222,0
DA:226,0
DA:228,0
DA:229,0
DA:235,0
DA:236,0
DA:237,0
DA:239,0
DA:243,0
DA:246,0
DA:248,0
DA:251,0
DA:252,0
DA:256,0
DA:257,0
DA:261,0
DA:262,0
LF:120
LH:0
BRDA:22,0,0,0
BRDA:22,0,1,0
BRDA:23,1,0,0
BRDA:23,1,1,0
BRDA:24,2,0,0
BRDA:24,2,1,0
BRDA:25,3,0,0
BRDA:25,3,1,0
BRDA:26,4,0,0
BRDA:26,4,1,0
BRDA:35,5,0,0
BRDA:35,5,1,0
BRDA:36,6,0,0
BRDA:36,6,1,0
BRDA:40,7,0,0
BRDA:40,7,1,0
BRDA:65,8,0,0
BRDA:65,8,1,0
BRDA:74,9,0,0
BRDA:74,9,1,0
BRDA:87,10,0,0
BRDA:87,10,1,0
BRDA:96,11,0,0
BRDA:96,11,1,0
BRDA:96,12,0,0
BRDA:96,12,1,0
BRDA:97,13,0,0
BRDA:97,13,1,0
BRDA:99,14,0,0
BRDA:99,14,1,0
BRDA:122,15,0,0
BRDA:122,15,1,0
BRDA:136,16,0,0
BRDA:136,16,1,0
BRDA:139,17,0,0
BRDA:139,17,1,0
BRDA:145,18,0,0
BRDA:145,18,1,0
BRDA:149,19,0,0
BRDA:149,19,1,0
BRDA:149,20,0,0
BRDA:149,20,1,0
BRDA:150,21,0,0
BRDA:150,21,1,0
BRDA:152,22,0,0
BRDA:152,22,1,0
BRDA:200,23,0,0
BRDA:200,23,1,0
BRDA:209,24,0,0
BRDA:209,24,1,0
BRDA:210,25,0,0
BRDA:210,25,1,0
BRDA:211,26,0,0
BRDA:211,26,1,0
BRDA:213,27,0,0
BRDA:213,27,1,0
BRDA:218,28,0,0
BRDA:218,28,1,0
BRDA:235,29,0,0
BRDA:235,29,1,0
BRF:60
BRH:0
end_of_record
TN:
SF:local-sync-utility.js
FN:30,safeRequire
FN:63,createSimpleLogger
FN:65,(anonymous_2)
FN:66,(anonymous_3)
FN:67,(anonymous_4)
FN:68,(anonymous_5)
FN:69,(anonymous_6)
FNF:7
FNH:0
FNDA:0,safeRequire
FNDA:0,createSimpleLogger
FNDA:0,(anonymous_2)
FNDA:0,(anonymous_3)
FNDA:0,(anonymous_4)
FNDA:0,(anonymous_5)
FNDA:0,(anonymous_6)
DA:9,0
DA:10,0
DA:13,0
DA:16,0
DA:19,0
DA:20,0
DA:21,0
DA:31,0
DA:33,0
DA:34,0
DA:36,0
DA:39,0
DA:40,0
DA:43,0
DA:44,0
DA:47,0
DA:50,0
DA:51,0
DA:52,0
DA:54,0
DA:64,0
DA:65,0
DA:66,0
DA:67,0
DA:68,0
DA:69,0
DA:74,0
LF:27
LH:0
BRDA:16,0,0,0
BRDA:16,0,1,0
BRDA:19,1,0,0
BRDA:19,1,1,0
BRDA:20,2,0,0
BRDA:20,2,1,0
BRDA:30,3,0,0
BRDA:43,4,0,0
BRDA:43,4,1,0
BRDA:50,5,0,0
BRDA:50,5,1,0
BRF:11
BRH:0
end_of_record
TN:
SF:openai-service.js
FN:90,initialize
FN:120,getAIResponse
FN:130,(anonymous_2)
FN:145,isErrorRetryable
FN:151,formatErrorResponse
FN:165,processAIRequest
FN:212,extractResponseText
FN:216,validateResponse
FN:222,getConversationHistory
FN:243,clearConversationHistory
FN:247,updateHealthStatus
FN:261,checkHealth
FN:317,isConfigured
FN:325,__getConversationCache
FN:334,getResponse
FN:358,getConfig
FNF:16
FNH:15
FNDA:2,initialize
FNDA:7,getAIResponse
FNDA:5,(anonymous_2)
FNDA:6,isErrorRetryable
FNDA:1,formatErrorResponse
FNDA:12,processAIRequest
FNDA:6,extractResponseText
FNDA:6,validateResponse
FNDA:12,getConversationHistory
FNDA:1,clearConversationHistory
FNDA:7,updateHealthStatus
FNDA:5,checkHealth
FNDA:0,isConfigured
FNDA:1,__getConversationCache
FNDA:2,getResponse
FNDA:1,getConfig
DA:2,1
DA:3,1
DA:6,1
DA:7,1
DA:8,1
DA:11,1
DA:14,1
DA:15,1
DA:16,1
DA:17,1
DA:18,1
DA:19,1
DA:26,1
DA:29,1
DA:91,2
DA:93,2
DA:94,1
DA:95,1
DA:96,1
DA:100,2
DA:102,2
DA:109,0
DA:110,0
DA:121,7
DA:122,0
DA:123,0
DA:126,7
DA:127,7
DA:128,12
DA:129,12
DA:130,5
DA:132,12
DA:134,6
DA:135,6
DA:136,6
DA:137,1
DA:138,1
DA:139,1
DA:146,6
DA:147,6
DA:148,6
DA:152,1
DA:153,1
DA:154,1
DA:155,0
DA:156,0
DA:157,0
DA:158,0
DA:159,0
DA:161,0
DA:166,12
DA:168,12
DA:169,12
DA:170,1
DA:173,12
DA:175,12
DA:176,6
DA:177,6
DA:178,6
DA:181,12
DA:189,12
DA:190,12
DA:198,6
DA:199,6
DA:201,6
DA:202,6
DA:203,6
DA:204,6
DA:206,6
DA:208,6
DA:209,6
DA:213,6
DA:217,6
DA:218,6
DA:219,6
DA:223,12
DA:224,1
DA:233,12
DA:234,12
DA:235,0
DA:236,0
DA:237,0
DA:240,12
DA:244,1
DA:248,7
DA:249,7
DA:250,6
DA:251,6
DA:253,1
DA:254,1
DA:255,0
DA:258,7
DA:262,5
DA:264,5
DA:265,0
DA:273,5
DA:274,5
DA:290,4
DA:291,4
DA:292,4
DA:294,4
DA:301,1
DA:302,1
DA:304,1
DA:305,0
DA:308,1
DA:318,0
DA:319,0
DA:320,0
DA:326,1
DA:335,2
DA:337,2
DA:338,2
DA:341,2
DA:342,2
DA:349,0
DA:350,0
DA:360,1
DA:366,1
DA:367,1
DA:368,1
DA:369,1
DA:370,0
DA:378,0
DA:381,1
DA:390,1
LF:126
LH:103
BRDA:7,0,0,1
BRDA:7,0,1,0
BRDA:8,1,0,1
BRDA:8,1,1,1
BRDA:93,2,0,1
BRDA:93,2,1,1
BRDA:104,3,0,2
BRDA:104,3,1,2
BRDA:120,4,0,5
BRDA:121,5,0,0
BRDA:121,5,1,7
BRDA:121,6,0,7
BRDA:121,6,1,7
BRDA:129,7,0,5
BRDA:129,7,1,7
BRDA:136,8,0,1
BRDA:136,8,1,5
BRDA:136,9,0,6
BRDA:136,9,1,6
BRDA:146,10,0,0
BRDA:146,10,1,6
BRDA:146,11,0,6
BRDA:146,11,1,0
BRDA:148,12,0,6
BRDA:148,12,1,1
BRDA:148,12,2,0
BRDA:148,12,3,0
BRDA:152,13,0,1
BRDA:152,13,1,0
BRDA:154,14,0,1
BRDA:154,14,1,0
BRDA:155,15,0,0
BRDA:155,15,1,0
BRDA:155,16,0,0
BRDA:155,16,1,0
BRDA:156,17,0,0
BRDA:156,17,1,0
BRDA:158,18,0,0
BRDA:158,18,1,0
BRDA:165,19,0,0
BRDA:169,20,0,1
BRDA:169,20,1,11
BRDA:175,21,0,6
BRDA:175,21,1,6
BRDA:213,22,0,6
BRDA:213,22,1,0
BRDA:217,23,0,0
BRDA:217,23,1,6
BRDA:217,24,0,6
BRDA:217,24,1,6
BRDA:218,25,0,0
BRDA:218,25,1,6
BRDA:223,26,0,1
BRDA:223,26,1,11
BRDA:234,27,0,0
BRDA:234,27,1,12
BRDA:249,28,0,6
BRDA:249,28,1,1
BRDA:254,29,0,0
BRDA:254,29,1,1
BRDA:264,30,0,0
BRDA:264,30,1,5
BRDA:264,31,0,5
BRDA:264,31,1,5
BRDA:304,32,0,0
BRDA:304,32,1,1
BRDA:318,33,0,0
BRDA:318,33,1,0
BRDA:319,34,0,0
BRDA:319,34,1,0
BRDA:337,35,0,0
BRDA:337,36,0,0
BRDA:367,37,0,1
BRDA:367,37,1,0
BRDA:367,38,0,1
BRDA:367,38,1,1
BRDA:369,39,0,0
BRDA:369,39,1,1
BRDA:372,40,0,0
BRDA:372,40,1,0
BRDA:373,41,0,0
BRDA:373,41,1,0
BRF:82
BRH:46
end_of_record
TN:
SF:config\env.js
FNF:0
FNH:0
DA:6,0
DA:7,0
DA:10,0
DA:11,0
DA:12,0
DA:15,0
DA:16,0
DA:19,0
DA:22,0
DA:25,0
DA:30,0
DA:36,0
DA:39,0
DA:42,0
DA:43,0
DA:47,0
DA:50,0
DA:53,0
DA:56,0
DA:59,0
LF:20
LH:0
BRDA:10,0,0,0
BRDA:10,0,1,0
BRDA:11,1,0,0
BRDA:11,1,1,0
BRDA:12,2,0,0
BRDA:12,2,1,0
BRDA:15,3,0,0
BRDA:15,3,1,0
BRDA:16,4,0,0
BRDA:16,4,1,0
BRDA:30,5,0,0
BRDA:30,5,1,0
BRDA:30,5,2,0
BRDA:36,6,0,0
BRDA:36,6,1,0
BRDA:42,7,0,0
BRDA:42,7,1,0
BRDA:53,8,0,0
BRDA:53,8,1,0
BRDA:56,9,0,0
BRDA:56,9,1,0
BRF:21
BRH:0
end_of_record
TN:
SF:core\discord-init.js
FN:14,initializeClient
FN:33,(anonymous_1)
FN:42,(anonymous_2)
FN:54,registerMessageHandler
FN:61,(anonymous_4)
FN:77,loginClient
FN:85,(anonymous_6)
FN:89,(anonymous_7)
FNF:8
FNH:0
FNDA:0,initializeClient
FNDA:0,(anonymous_1)
FNDA:0,(anonymous_2)
FNDA:0,registerMessageHandler
FNDA:0,(anonymous_4)
FNDA:0,loginClient
FNDA:0,(anonymous_6)
FNDA:0,(anonymous_7)
DA:6,0
DA:7,0
DA:8,0
DA:16,0
DA:33,0
DA:34,0
DA:35,0
DA:38,0
DA:42,0
DA:43,0
DA:46,0
DA:55,0
DA:56,0
DA:57,0
DA:61,0
DA:62,0
DA:63,0
DA:65,0
DA:69,0
DA:78,0
DA:79,0
DA:80,0
DA:81,0
DA:84,0
DA:86,0
DA:87,0
DA:90,0
DA:91,0
DA:95,0
LF:29
LH:0
BRDA:55,0,0,0
BRDA:55,0,1,0
BRDA:55,1,0,0
BRDA:55,1,1,0
BRDA:78,2,0,0
BRDA:78,2,1,0
BRF:6
BRH:0
end_of_record
TN:
SF:core\search\brave-search.js
FN:31,(anonymous_0)
FN:113,(anonymous_1)
FN:242,(anonymous_2)
FN:353,(anonymous_3)
FN:358,(anonymous_4)
FN:382,(anonymous_5)
FN:387,(anonymous_6)
FN:435,(anonymous_7)
FN:455,(anonymous_8)
FN:492,(anonymous_9)
FN:527,(anonymous_10)
FNF:11
FNH:0
FNDA:0,(anonymous_0)
FNDA:0,(anonymous_1)
FNDA:0,(anonymous_2)
FNDA:0,(anonymous_3)
FNDA:0,(anonymous_4)
FNDA:0,(anonymous_5)
FNDA:0,(anonymous_6)
FNDA:0,(anonymous_7)
FNDA:0,(anonymous_8)
FNDA:0,(anonymous_9)
FNDA:0,(anonymous_10)
DA:9,0
DA:10,0
DA:11,0
DA:14,0
DA:32,0
DA:39,0
DA:46,0
DA:51,0
DA:52,0
DA:53,0
DA:54,0
DA:56,0
DA:60,0
DA:61,0
DA:62,0
DA:66,0
DA:69,0
DA:72,0
DA:74,0
DA:83,0
DA:90,0
DA:96,0
DA:97,0
DA:115,0
DA:116,0
DA:117,0
DA:125,0
DA:128,0
DA:129,0
DA:130,0
DA:134,0
DA:135,0
DA:136,0
DA:145,0
DA:146,0
DA:147,0
DA:148,0
DA:149,0
DA:152,0
DA:154,0
DA:173,0
DA:174,0
DA:177,0
DA:180,0
DA:181,0
DA:185,0
DA:186,0
DA:187,0
DA:188,0
DA:193,0
DA:196,0
DA:197,0
DA:200,0
DA:206,0
DA:209,0
DA:210,0
DA:212,0
DA:214,0
DA:215,0
DA:216,0
DA:217,0
DA:219,0
DA:220,0
DA:223,0
DA:227,0
DA:244,0
DA:247,0
DA:248,0
DA:249,0
DA:253,0
DA:254,0
DA:255,0
DA:256,0
DA:259,0
DA:261,0
DA:280,0
DA:281,0
DA:284,0
DA:287,0
DA:288,0
DA:292,0
DA:293,0
DA:294,0
DA:298,0
DA:299,0
DA:300,0
DA:303,0
DA:307,0
DA:310,0
DA:311,0
DA:314,0
DA:320,0
DA:323,0
DA:324,0
DA:326,0
DA:328,0
DA:329,0
DA:330,0
DA:331,0
DA:333,0
DA:336,0
DA:339,0
DA:343,0
DA:354,0
DA:355,0
DA:358,0
DA:360,0
DA:364,0
DA:383,0
DA:384,0
DA:387,0
DA:389,0
DA:391,0
DA:392,0
DA:395,0
DA:396,0
DA:399,0
DA:400,0
DA:403,0
DA:404,0
DA:408,0
DA:409,0
DA:410,0
DA:413,0
DA:436,0
DA:437,0
DA:440,0
DA:441,0
DA:444,0
DA:452,0
DA:455,0
DA:456,0
DA:459,0
DA:461,0
DA:462,0
DA:465,0
DA:466,0
DA:469,0
DA:470,0
DA:473,0
DA:474,0
DA:478,0
DA:479,0
DA:483,0
DA:484,0
DA:485,0
DA:488,0
DA:492,0
DA:493,0
DA:496,0
DA:499,0
DA:501,0
DA:502,0
DA:504,0
DA:508,0
DA:512,0
DA:513,0
DA:517,0
DA:520,0
DA:529,0
DA:530,0
DA:535,0
DA:537,0
LF:163
LH:0
BRDA:19,0,0,0
BRDA:19,0,1,0
BRDA:20,1,0,0
BRDA:20,1,1,0
BRDA:31,2,0,0
BRDA:39,3,0,0
BRDA:39,3,1,0
BRDA:39,3,2,0
BRDA:39,3,3,0
BRDA:39,3,4,0
BRDA:46,4,0,0
BRDA:46,4,1,0
BRDA:46,4,2,0
BRDA:51,5,0,0
BRDA:51,5,1,0
BRDA:53,6,0,0
BRDA:53,6,1,0
BRDA:56,7,0,0
BRDA:56,7,1,0
BRDA:60,8,0,0
BRDA:60,8,1,0
BRDA:60,9,0,0
BRDA:60,9,1,0
BRDA:69,10,0,0
BRDA:69,10,1,0
BRDA:72,11,0,0
BRDA:72,11,1,0
BRDA:72,12,0,0
BRDA:72,12,1,0
BRDA:79,13,0,0
BRDA:79,13,1,0
BRDA:80,14,0,0
BRDA:80,14,1,0
BRDA:84,15,0,0
BRDA:84,15,1,0
BRDA:90,16,0,0
BRDA:90,16,1,0
BRDA:91,17,0,0
BRDA:91,17,1,0
BRDA:92,18,0,0
BRDA:92,18,1,0
BRDA:93,19,0,0
BRDA:93,19,1,0
BRDA:96,20,0,0
BRDA:96,20,1,0
BRDA:113,21,0,0
BRDA:115,22,0,0
BRDA:115,22,1,0
BRDA:115,23,0,0
BRDA:115,23,1,0
BRDA:121,24,0,0
BRDA:121,24,1,0
BRDA:125,25,0,0
BRDA:125,25,1,0
BRDA:128,26,0,0
BRDA:128,26,1,0
BRDA:134,27,0,0
BRDA:134,27,1,0
BRDA:145,28,0,0
BRDA:145,28,1,0
BRDA:148,29,0,0
BRDA:148,29,1,0
BRDA:148,30,0,0
BRDA:148,30,1,0
BRDA:173,31,0,0
BRDA:173,31,1,0
BRDA:180,32,0,0
BRDA:180,32,1,0
BRDA:185,33,0,0
BRDA:185,33,1,0
BRDA:187,34,0,0
BRDA:187,34,1,0
BRDA:187,35,0,0
BRDA:187,35,1,0
BRDA:188,36,0,0
BRDA:188,36,1,0
BRDA:196,37,0,0
BRDA:196,37,1,0
BRDA:209,38,0,0
BRDA:209,38,1,0
BRDA:212,39,0,0
BRDA:212,39,1,0
BRDA:217,40,0,0
BRDA:217,40,1,0
BRDA:219,41,0,0
BRDA:219,41,1,0
BRDA:223,42,0,0
BRDA:223,42,1,0
BRDA:242,43,0,0
BRDA:244,44,0,0
BRDA:244,44,1,0
BRDA:247,45,0,0
BRDA:247,45,1,0
BRDA:253,46,0,0
BRDA:253,46,1,0
BRDA:256,47,0,0
BRDA:256,47,1,0
BRDA:256,48,0,0
BRDA:256,48,1,0
BRDA:280,49,0,0
BRDA:280,49,1,0
BRDA:287,50,0,0
BRDA:287,50,1,0
BRDA:292,51,0,0
BRDA:292,51,1,0
BRDA:294,52,0,0
BRDA:294,52,1,0
BRDA:298,53,0,0
BRDA:298,53,1,0
BRDA:298,54,0,0
BRDA:298,54,1,0
BRDA:299,55,0,0
BRDA:299,55,1,0
BRDA:310,56,0,0
BRDA:310,56,1,0
BRDA:323,57,0,0
BRDA:323,57,1,0
BRDA:326,58,0,0
BRDA:326,58,1,0
BRDA:331,59,0,0
BRDA:331,59,1,0
BRDA:333,60,0,0
BRDA:333,60,1,0
BRDA:336,61,0,0
BRDA:336,61,1,0
BRDA:354,62,0,0
BRDA:354,62,1,0
BRDA:354,63,0,0
BRDA:354,63,1,0
BRDA:360,64,0,0
BRDA:360,64,1,0
BRDA:368,65,0,0
BRDA:368,65,1,0
BRDA:383,66,0,0
BRDA:383,66,1,0
BRDA:391,67,0,0
BRDA:391,67,1,0
BRDA:395,68,0,0
BRDA:395,68,1,0
BRDA:399,69,0,0
BRDA:399,69,1,0
BRDA:403,70,0,0
BRDA:403,70,1,0
BRDA:409,71,0,0
BRDA:409,71,1,0
BRDA:409,72,0,0
BRDA:409,72,1,0
BRDA:410,73,0,0
BRDA:410,73,1,0
BRDA:415,74,0,0
BRDA:415,74,1,0
BRDA:436,75,0,0
BRDA:436,75,1,0
BRDA:436,76,0,0
BRDA:436,76,1,0
BRDA:436,76,2,0
BRDA:437,77,0,0
BRDA:437,77,1,0
BRDA:452,78,0,0
BRDA:452,78,1,0
BRDA:461,79,0,0
BRDA:461,79,1,0
BRDA:462,80,0,0
BRDA:462,80,1,0
BRDA:465,81,0,0
BRDA:465,81,1,0
BRDA:469,82,0,0
BRDA:469,82,1,0
BRDA:473,83,0,0
BRDA:473,83,1,0
BRDA:478,84,0,0
BRDA:478,84,1,0
BRDA:483,85,0,0
BRDA:483,85,1,0
BRDA:496,86,0,0
BRDA:496,86,1,0
BRDA:499,87,0,0
BRDA:499,87,1,0
BRDA:502,88,0,0
BRDA:502,88,1,0
BRDA:529,89,0,0
BRDA:529,89,1,0
BRF:182
BRH:0
end_of_record
TN:
SF:core\utils\time-context.js
FN:19,getCurrentJSTDate
FN:38,getTimeBasedGreeting
FN:56,getFormattedDateTime
FN:83,saveUserContext
FN:111,getUserContext
FN:126,generateContinuityMessage
FNF:6
FNH:0
FNDA:0,getCurrentJSTDate
FNDA:0,getTimeBasedGreeting
FNDA:0,getFormattedDateTime
FNDA:0,saveUserContext
FNDA:0,getUserContext
FNDA:0,generateContinuityMessage
DA:10,0
DA:13,0
DA:21,0
DA:23,0
DA:26,0
DA:27,0
DA:28,0
DA:31,0
DA:39,0
DA:40,0
DA:42,0
DA:43,0
DA:44,0
DA:45,0
DA:47,0
DA:57,0
DA:58,0
DA:61,0
DA:62,0
DA:63,0
DA:64,0
DA:67,0
DA:69,0
DA:70,0
DA:71,0
DA:72,0
DA:75,0
DA:84,0
DA:85,0
DA:86,0
DA:87,0
DA:90,0
DA:91,0
DA:93,0
DA:100,0
DA:102,0
DA:112,0
DA:113,0
DA:114,0
DA:116,0
DA:117,0
DA:127,0
DA:128,0
DA:129,0
DA:131,0
DA:132,0
DA:133,0
DA:136,0
DA:137,0
DA:139,0
DA:140,0
DA:141,0
DA:142,0
DA:147,0
DA:149,0
DA:150,0
DA:154,0
LF:57
LH:0
BRDA:26,0,0,0
BRDA:26,0,1,0
BRDA:26,1,0,0
BRDA:26,1,1,0
BRDA:42,2,0,0
BRDA:42,2,1,0
BRDA:42,3,0,0
BRDA:42,3,1,0
BRDA:44,4,0,0
BRDA:44,4,1,0
BRDA:44,5,0,0
BRDA:44,5,1,0
BRDA:56,6,0,0
BRDA:69,7,0,0
BRDA:69,7,1,0
BRDA:85,8,0,0
BRDA:85,8,1,0
BRDA:90,9,0,0
BRDA:90,9,1,0
BRDA:96,10,0,0
BRDA:96,10,1,0
BRDA:96,10,2,0
BRDA:97,11,0,0
BRDA:97,11,1,0
BRDA:100,12,0,0
BRDA:100,12,1,0
BRDA:113,13,0,0
BRDA:113,13,1,0
BRDA:114,14,0,0
BRDA:114,14,1,0
BRDA:129,15,0,0
BRDA:129,15,1,0
BRDA:129,16,0,0
BRDA:129,16,1,0
BRDA:129,16,2,0
BRDA:136,17,0,0
BRDA:136,17,1,0
BRDA:139,18,0,0
BRDA:139,18,1,0
BRDA:141,19,0,0
BRDA:141,19,1,0
BRF:41
BRH:0
end_of_record
TN:
SF:core\utils\user-display.js
FN:18,getDisplayName
FN:48,getMessageAuthorDisplayName
FNF:2
FNH:0
FNDA:0,getDisplayName
FNDA:0,getMessageAuthorDisplayName
DA:10,0
DA:19,0
DA:21,0
DA:22,0
DA:26,0
DA:27,0
DA:31,0
DA:32,0
DA:36,0
DA:38,0
DA:39,0
DA:49,0
DA:51,0
DA:54,0
DA:55,0
DA:56,0
DA:60,0
DA:62,0
DA:65,0
DA:66,0
DA:68,0
DA:73,0
LF:22
LH:0
BRDA:21,0,0,0
BRDA:21,0,1,0
BRDA:26,1,0,0
BRDA:26,1,1,0
BRDA:31,2,0,0
BRDA:31,2,1,0
BRDA:39,3,0,0
BRDA:39,3,1,0
BRDA:54,4,0,0
BRDA:54,4,1,0
BRDA:66,5,0,0
BRDA:66,5,1,0
BRDA:66,5,2,0
BRF:13
BRH:0
end_of_record
TN:
SF:extensions\context-analyzer.js
FN:57,shouldIntervene
FN:145,(anonymous_1)
FN:258,isQuestionText
FN:297,isAITopic
FN:305,(anonymous_4)
FN:323,hasEmotionalExpression
FN:331,(anonymous_6)
FN:349,analyzeConversationContext
FN:477,extractWords
FN:486,(anonymous_9)
FN:504,getResponseHint
FNF:11
FNH:0
FNDA:0,shouldIntervene
FNDA:0,(anonymous_1)
FNDA:0,isQuestionText
FNDA:0,isAITopic
FNDA:0,(anonymous_4)
FNDA:0,hasEmotionalExpression
FNDA:0,(anonymous_6)
FNDA:0,analyzeConversationContext
FNDA:0,extractWords
FNDA:0,(anonymous_9)
FNDA:0,getResponseHint
DA:7,0
DA:25,0
DA:32,0
DA:40,0
DA:58,0
DA:60,0
DA:63,0
DA:65,0
DA:82,0
DA:85,0
DA:86,0
DA:87,0
DA:91,0
DA:92,0
DA:93,0
DA:97,0
DA:98,0
DA:99,0
DA:103,0
DA:106,0
DA:109,0
DA:111,0
DA:112,0
DA:113,0
DA:114,0
DA:115,0
DA:119,0
DA:120,0
DA:121,0
DA:122,0
DA:126,0
DA:127,0
DA:128,0
DA:129,0
DA:130,0
DA:132,0
DA:136,0
DA:137,0
DA:138,0
DA:142,0
DA:145,0
DA:146,0
DA:147,0
DA:148,0
DA:149,0
DA:150,0
DA:153,0
DA:156,0
DA:157,0
DA:160,0
DA:161,0
DA:162,0
DA:166,0
DA:169,0
DA:170,0
DA:173,0
DA:174,0
DA:175,0
DA:179,0
DA:180,0
DA:183,0
DA:186,0
DA:189,0
DA:191,0
DA:192,0
DA:193,0
DA:196,0
DA:197,0
DA:198,0
DA:201,0
DA:202,0
DA:203,0
DA:206,0
DA:207,0
DA:208,0
DA:212,0
DA:213,0
DA:214,0
DA:218,0
DA:220,0
DA:221,0
DA:224,0
DA:227,0
DA:228,0
DA:229,0
DA:233,0
DA:234,0
DA:236,0
DA:238,0
DA:241,0
DA:243,0
DA:244,0
DA:246,0
DA:247,0
DA:249,0
DA:259,0
DA:260,0
DA:262,0
DA:265,0
DA:266,0
DA:270,0
DA:271,0
DA:275,0
DA:276,0
DA:279,0
DA:282,0
DA:283,0
DA:284,0
DA:286,0
DA:288,0
DA:298,0
DA:299,0
DA:301,0
DA:305,0
DA:308,0
DA:309,0
DA:310,0
DA:312,0
DA:314,0
DA:324,0
DA:325,0
DA:327,0
DA:331,0
DA:334,0
DA:335,0
DA:336,0
DA:338,0
DA:340,0
DA:350,0
DA:352,0
DA:353,0
DA:361,0
DA:362,0
DA:363,0
DA:366,0
DA:367,0
DA:369,0
DA:371,0
DA:372,0
DA:373,0
DA:374,0
DA:380,0
DA:381,0
DA:385,0
DA:386,0
DA:387,0
DA:390,0
DA:392,0
DA:395,0
DA:396,0
DA:397,0
DA:401,0
DA:402,0
DA:407,0
DA:409,0
DA:411,0
DA:414,0
DA:415,0
DA:417,0
DA:419,0
DA:420,0
DA:422,0
DA:423,0
DA:425,0
DA:426,0
DA:431,0
DA:432,0
DA:433,0
DA:434,0
DA:439,0
DA:440,0
DA:441,0
DA:442,0
DA:443,0
DA:444,0
DA:448,0
DA:456,0
DA:457,0
DA:458,0
DA:460,0
DA:463,0
DA:478,0
DA:479,0
DA:483,0
DA:486,0
DA:489,0
DA:490,0
DA:491,0
DA:493,0
DA:495,0
DA:505,0
DA:507,0
DA:511,0
DA:517,0
DA:519,0
DA:520,0
DA:521,0
DA:522,0
DA:526,0
DA:527,0
DA:528,0
DA:532,0
DA:533,0
DA:534,0
DA:539,0
DA:540,0
DA:542,0
DA:545,0
DA:546,0
DA:547,0
DA:549,0
DA:552,0
DA:561,0
LF:213
LH:0
BRDA:63,0,0,0
BRDA:63,0,1,0
BRDA:69,1,0,0
BRDA:69,1,1,0
BRDA:70,2,0,0
BRDA:70,2,1,0
BRDA:71,3,0,0
BRDA:71,3,1,0
BRDA:77,4,0,0
BRDA:78,5,0,0
BRDA:79,6,0,0
BRDA:80,7,0,0
BRDA:81,8,0,0
BRDA:82,9,0,0
BRDA:82,9,1,0
BRDA:85,10,0,0
BRDA:85,10,1,0
BRDA:85,11,0,0
BRDA:85,11,1,0
BRDA:91,12,0,0
BRDA:91,12,1,0
BRDA:97,13,0,0
BRDA:97,13,1,0
BRDA:109,14,0,0
BRDA:109,14,1,0
BRDA:111,15,0,0
BRDA:111,15,1,0
BRDA:114,16,0,0
BRDA:114,16,1,0
BRDA:121,17,0,0
BRDA:121,17,1,0
BRDA:127,18,0,0
BRDA:127,18,1,0
BRDA:136,19,0,0
BRDA:136,19,1,0
BRDA:145,20,0,0
BRDA:145,20,1,0
BRDA:146,21,0,0
BRDA:146,21,1,0
BRDA:149,22,0,0
BRDA:149,22,1,0
BRDA:153,23,0,0
BRDA:153,23,1,0
BRDA:157,24,0,0
BRDA:157,24,1,0
BRDA:160,25,0,0
BRDA:160,25,1,0
BRDA:166,26,0,0
BRDA:166,26,1,0
BRDA:170,27,0,0
BRDA:170,27,1,0
BRDA:173,28,0,0
BRDA:173,28,1,0
BRDA:183,29,0,0
BRDA:183,29,1,0
BRDA:191,30,0,0
BRDA:191,30,1,0
BRDA:196,31,0,0
BRDA:196,31,1,0
BRDA:201,32,0,0
BRDA:201,32,1,0
BRDA:206,33,0,0
BRDA:206,33,1,0
BRDA:212,34,0,0
BRDA:212,34,1,0
BRDA:214,35,0,0
BRDA:214,35,1,0
BRDA:220,36,0,0
BRDA:220,36,1,0
BRDA:227,37,0,0
BRDA:227,37,1,0
BRDA:236,38,0,0
BRDA:236,38,1,0
BRDA:243,39,0,0
BRDA:243,39,1,0
BRDA:260,40,0,0
BRDA:260,40,1,0
BRDA:265,41,0,0
BRDA:265,41,1,0
BRDA:270,42,0,0
BRDA:270,42,1,0
BRDA:275,43,0,0
BRDA:275,43,1,0
BRDA:299,44,0,0
BRDA:299,44,1,0
BRDA:325,45,0,0
BRDA:325,45,1,0
BRDA:352,46,0,0
BRDA:352,46,1,0
BRDA:352,47,0,0
BRDA:352,47,1,0
BRDA:369,48,0,0
BRDA:369,48,1,0
BRDA:369,49,0,0
BRDA:369,49,1,0
BRDA:371,50,0,0
BRDA:371,50,1,0
BRDA:373,51,0,0
BRDA:373,51,1,0
BRDA:380,52,0,0
BRDA:380,52,1,0
BRDA:385,53,0,0
BRDA:385,53,1,0
BRDA:386,54,0,0
BRDA:386,54,1,0
BRDA:392,55,0,0
BRDA:392,55,1,0
BRDA:392,56,0,0
BRDA:392,56,1,0
BRDA:395,57,0,0
BRDA:395,57,1,0
BRDA:395,58,0,0
BRDA:395,58,1,0
BRDA:401,59,0,0
BRDA:401,59,1,0
BRDA:409,60,0,0
BRDA:409,60,1,0
BRDA:415,61,0,0
BRDA:415,61,1,0
BRDA:417,62,0,0
BRDA:417,62,1,0
BRDA:417,63,0,0
BRDA:417,63,1,0
BRDA:423,64,0,0
BRDA:423,64,1,0
BRDA:425,65,0,0
BRDA:425,65,1,0
BRDA:433,66,0,0
BRDA:433,66,1,0
BRDA:439,67,0,0
BRDA:439,67,1,0
BRDA:442,68,0,0
BRDA:442,68,1,0
BRDA:479,69,0,0
BRDA:479,69,1,0
BRDA:486,70,0,0
BRDA:486,70,1,0
BRDA:507,71,0,0
BRDA:507,71,1,0
BRDA:517,72,0,0
BRDA:517,72,1,0
BRDA:519,73,0,0
BRDA:519,73,1,0
BRDA:526,74,0,0
BRDA:526,74,1,0
BRDA:532,75,0,0
BRDA:532,75,1,0
BRF:147
BRH:0
end_of_record
TN:
SF:extensions\message-history.js
FN:23,addMessageToHistory
FN:49,(anonymous_1)
FN:65,getRecentMessages
FN:81,clearChannelHistory
FN:90,cleanupExpiredData
FN:107,getConfig
FN:110,(anonymous_6)
FNF:7
FNH:0
FNDA:0,addMessageToHistory
FNDA:0,(anonymous_1)
FNDA:0,getRecentMessages
FNDA:0,clearChannelHistory
FNDA:0,cleanupExpiredData
FNDA:0,getConfig
FNDA:0,(anonymous_6)
DA:8,0
DA:9,0
DA:10,0
DA:13,0
DA:16,0
DA:25,0
DA:26,0
DA:30,0
DA:31,0
DA:32,0
DA:36,0
DA:47,0
DA:48,0
DA:49,0
DA:53,0
DA:56,0
DA:67,0
DA:68,0
DA:71,0
DA:74,0
DA:82,0
DA:83,0
DA:91,0
DA:93,0
DA:94,0
DA:96,0
DA:97,0
DA:98,0
DA:108,0
DA:110,0
DA:118,0
DA:120,0
LF:32
LH:0
BRDA:25,0,0,0
BRDA:25,0,1,0
BRDA:25,1,0,0
BRDA:25,1,1,0
BRDA:25,1,2,0
BRDA:31,2,0,0
BRDA:31,2,1,0
BRDA:65,3,0,0
BRDA:67,4,0,0
BRDA:67,4,1,0
BRDA:94,5,0,0
BRDA:94,5,1,0
BRF:12
BRH:0
end_of_record
TN:
SF:extensions\search-service.js
FN:25,performSearch
FN:122,processSearchResults
FN:144,(anonymous_2)
FN:153,(anonymous_3)
FN:177,clearCache
FN:186,checkHealth
FNF:6
FNH:0
FNDA:0,performSearch
FNDA:0,processSearchResults
FNDA:0,(anonymous_2)
FNDA:0,(anonymous_3)
FNDA:0,clearCache
FNDA:0,checkHealth
DA:6,0
DA:7,0
DA:10,0
DA:11,0
DA:14,0
DA:15,0
DA:26,0
DA:28,0
DA:34,0
DA:37,0
DA:38,0
DA:39,0
DA:42,0
DA:43,0
DA:44,0
DA:48,0
DA:51,0
DA:52,0
DA:53,0
DA:61,0
DA:62,0
DA:64,0
DA:65,0
DA:77,0
DA:78,0
DA:81,0
DA:84,0
DA:85,0
DA:91,0
DA:93,0
DA:94,0
DA:95,0
DA:96,0
DA:98,0
DA:101,0
DA:104,0
DA:105,0
DA:106,0
DA:109,0
DA:123,0
DA:125,0
DA:128,0
DA:129,0
DA:130,0
DA:137,0
DA:138,0
DA:141,0
DA:144,0
DA:145,0
DA:146,0
DA:147,0
DA:149,0
DA:153,0
DA:154,0
DA:157,0
DA:165,0
DA:166,0
DA:178,0
DA:179,0
DA:187,0
DA:188,0
DA:189,0
DA:192,0
DA:195,0
DA:196,0
DA:208,0
DA:209,0
DA:215,0
DA:216,0
DA:217,0
DA:219,0
DA:222,0
DA:223,0
DA:232,0
LF:74
LH:0
BRDA:10,0,0,0
BRDA:10,0,1,0
BRDA:10,0,2,0
BRDA:25,1,0,0
BRDA:38,2,0,0
BRDA:38,2,1,0
BRDA:38,3,0,0
BRDA:38,3,1,0
BRDA:42,4,0,0
BRDA:42,4,1,0
BRDA:51,5,0,0
BRDA:51,5,1,0
BRDA:84,6,0,0
BRDA:84,6,1,0
BRDA:94,7,0,0
BRDA:94,7,1,0
BRDA:104,8,0,0
BRDA:104,8,1,0
BRDA:128,9,0,0
BRDA:128,9,1,0
BRDA:128,10,0,0
BRDA:128,10,1,0
BRDA:128,10,2,0
BRDA:128,10,3,0
BRDA:138,11,0,0
BRDA:138,11,1,0
BRDA:146,12,0,0
BRDA:146,12,1,0
BRDA:159,13,0,0
BRDA:159,13,1,0
BRDA:161,14,0,0
BRDA:161,14,1,0
BRDA:188,15,0,0
BRDA:188,15,1,0
BRDA:216,16,0,0
BRDA:216,16,1,0
BRF:36
BRH:0
end_of_record
TN:
SF:extensions\character\character.js
FN:95,(anonymous_0)
FN:103,(anonymous_1)
FN:120,getCharacterPrompt
FN:148,getCommandDescription
FN:156,getRandomFallbackResponse
FN:166,getEmoji
FN:189,formatMessage
FNF:7
FNH:0
FNDA:0,(anonymous_0)
FNDA:0,(anonymous_1)
FNDA:0,getCharacterPrompt
FNDA:0,getCommandDescription
FNDA:0,getRandomFallbackResponse
FNDA:0,getEmoji
FNDA:0,formatMessage
DA:9,0
DA:69,0
DA:81,0
DA:93,0
DA:96,0
DA:104,0
DA:121,0
DA:122,0
DA:125,0
DA:128,0
DA:129,0
DA:133,0
DA:134,0
DA:135,0
DA:136,0
DA:139,0
DA:140,0
DA:149,0
DA:157,0
DA:158,0
DA:167,0
DA:175,0
DA:176,0
DA:177,0
DA:180,0
DA:191,0
DA:192,0
DA:193,0
DA:196,0
DA:198,0
DA:199,0
DA:200,0
DA:201,0
DA:204,0
DA:205,0
DA:206,0
DA:207,0
DA:208,0
DA:210,0
DA:215,0
DA:219,0
LF:41
LH:0
BRDA:95,0,0,0
BRDA:103,1,0,0
BRDA:120,2,0,0
BRDA:121,3,0,0
BRDA:121,3,1,0
BRDA:122,4,0,0
BRDA:122,4,1,0
BRDA:128,5,0,0
BRDA:128,5,1,0
BRDA:133,6,0,0
BRDA:133,6,1,0
BRDA:135,7,0,0
BRDA:135,7,1,0
BRDA:175,8,0,0
BRDA:175,8,1,0
BRDA:175,9,0,0
BRDA:175,9,1,0
BRDA:189,10,0,0
BRDA:191,11,0,0
BRDA:191,11,1,0
BRDA:191,12,0,0
BRDA:191,12,1,0
BRDA:192,13,0,0
BRDA:192,13,1,0
BRDA:192,14,0,0
BRDA:192,14,1,0
BRDA:196,15,0,0
BRDA:196,15,1,0
BRDA:196,16,0,0
BRDA:196,16,1,0
BRDA:198,17,0,0
BRDA:198,17,1,0
BRDA:200,18,0,0
BRDA:200,18,1,0
BRDA:205,19,0,0
BRDA:205,19,1,0
BRF:36
BRH:0
end_of_record
TN:
SF:extensions\memory\conversation-store.js
FN:35,createConversation
FN:75,addMessage
FN:127,getMessages
FN:164,getActiveConversation
FN:200,deactivateConversation
FN:226,getConversationContext
FN:234,(anonymous_6)
FNF:7
FNH:0
FNDA:0,createConversation
FNDA:0,addMessage
FNDA:0,getMessages
FNDA:0,getActiveConversation
FNDA:0,deactivateConversation
FNDA:0,getConversationContext
FNDA:0,(anonymous_6)
DA:10,0
DA:11,0
DA:12,0
DA:18,0
DA:24,0
DA:36,0
DA:37,0
DA:39,0
DA:51,0
DA:56,0
DA:58,0
DA:59,0
DA:61,0
DA:62,0
DA:76,0
DA:77,0
DA:80,0
DA:81,0
DA:84,0
DA:94,0
DA:99,0
DA:102,0
DA:110,0
DA:111,0
DA:113,0
DA:114,0
DA:128,0
DA:129,0
DA:130,0
DA:131,0
DA:133,0
DA:141,0
DA:142,0
DA:145,0
DA:147,0
DA:149,0
DA:151,0
DA:152,0
DA:165,0
DA:166,0
DA:168,0
DA:174,0
DA:175,0
DA:178,0
DA:179,0
DA:182,0
DA:184,0
DA:186,0
DA:188,0
DA:190,0
DA:191,0
DA:201,0
DA:202,0
DA:204,0
DA:209,0
DA:211,0
DA:212,0
DA:214,0
DA:215,0
DA:227,0
DA:228,0
DA:234,0
DA:239,0
DA:240,0
DA:244,0
LF:65
LH:0
BRDA:42,0,0,0
BRDA:42,0,1,0
BRDA:43,1,0,0
BRDA:43,1,1,0
BRDA:44,2,0,0
BRDA:44,2,1,0
BRDA:56,3,0,0
BRDA:56,3,1,0
BRDA:80,4,0,0
BRDA:80,4,1,0
BRDA:80,5,0,0
BRDA:80,5,1,0
BRDA:80,5,2,0
BRDA:89,6,0,0
BRDA:89,6,1,0
BRDA:99,7,0,0
BRDA:99,7,1,0
BRDA:127,8,0,0
BRDA:130,9,0,0
BRDA:130,9,1,0
BRDA:131,10,0,0
BRDA:131,10,1,0
BRDA:141,11,0,0
BRDA:141,11,1,0
BRDA:141,12,0,0
BRDA:141,12,1,0
BRDA:141,12,2,0
BRDA:147,13,0,0
BRDA:147,13,1,0
BRDA:174,14,0,0
BRDA:174,14,1,0
BRDA:178,15,0,0
BRDA:178,15,1,0
BRDA:186,16,0,0
BRDA:186,16,1,0
BRDA:188,17,0,0
BRDA:188,17,1,0
BRDA:188,18,0,0
BRDA:188,18,1,0
BRDA:209,19,0,0
BRDA:209,19,1,0
BRDA:226,20,0,0
BRF:42
BRH:0
end_of_record
TN:
SF:extensions\memory\db-migration.js
FN:90,createConversationsTable
FN:116,createMessagesTable
FN:142,createUsersTable
FN:168,attemptTableCreateByInsertion
FN:225,runMigration
FNF:5
FNH:0
FNDA:0,createConversationsTable
FNDA:0,createMessagesTable
FNDA:0,createUsersTable
FNDA:0,attemptTableCreateByInsertion
FNDA:0,runMigration
DA:10,0
DA:11,0
DA:16,0
DA:78,0
DA:91,0
DA:93,0
DA:95,0
DA:97,0
DA:98,0
DA:99,0
DA:101,0
DA:105,0
DA:107,0
DA:108,0
DA:117,0
DA:119,0
DA:121,0
DA:123,0
DA:124,0
DA:125,0
DA:127,0
DA:131,0
DA:133,0
DA:134,0
DA:143,0
DA:145,0
DA:147,0
DA:149,0
DA:150,0
DA:151,0
DA:153,0
DA:157,0
DA:159,0
DA:160,0
DA:169,0
DA:170,0
DA:172,0
DA:173,0
DA:181,0
DA:182,0
DA:189,0
DA:190,0
DA:198,0
DA:200,0
DA:201,0
DA:203,0
DA:204,0
DA:205,0
DA:207,0
DA:208,0
DA:210,0
DA:214,0
DA:216,0
DA:217,0
DA:226,0
DA:227,0
DA:230,0
DA:232,0
DA:238,0
DA:239,0
DA:240,0
DA:244,0
DA:245,0
DA:247,0
DA:249,0
DA:252,0
DA:255,0
DA:259,0
DA:262,0
DA:263,0
DA:264,0
DA:266,0
DA:267,0
DA:268,0
DA:270,0
DA:271,0
DA:274,0
DA:275,0
DA:279,0
LF:79
LH:0
BRDA:95,0,0,0
BRDA:95,0,1,0
BRDA:97,1,0,0
BRDA:97,1,1,0
BRDA:121,2,0,0
BRDA:121,2,1,0
BRDA:123,3,0,0
BRDA:123,3,1,0
BRDA:147,4,0,0
BRDA:147,4,1,0
BRDA:149,5,0,0
BRDA:149,5,1,0
BRDA:172,6,0,0
BRDA:172,6,1,0
BRDA:181,7,0,0
BRDA:181,7,1,0
BRDA:189,8,0,0
BRDA:189,8,1,0
BRDA:200,9,0,0
BRDA:200,9,1,0
BRDA:201,10,0,0
BRDA:201,10,1,0
BRDA:205,11,0,0
BRDA:205,11,1,0
BRDA:205,12,0,0
BRDA:205,12,1,0
BRDA:238,13,0,0
BRDA:238,13,1,0
BRDA:244,14,0,0
BRDA:244,14,1,0
BRDA:247,15,0,0
BRDA:247,15,1,0
BRDA:247,16,0,0
BRDA:247,16,1,0
BRDA:266,17,0,0
BRDA:266,17,1,0
BRDA:266,18,0,0
BRDA:266,18,1,0
BRDA:266,18,2,0
BRF:39
BRH:0
end_of_record
TN:
SF:extensions\memory\index.js
FN:25,initialize
FN:76,checkHealth
FN:94,resetUserConversations
FNF:3
FNH:0
FNDA:0,initialize
FNDA:0,checkHealth
FNDA:0,resetUserConversations
DA:10,0
DA:11,0
DA:12,0
DA:13,0
DA:19,0
DA:26,0
DA:27,0
DA:30,0
DA:31,0
DA:33,0
DA:34,0
DA:35,0
DA:36,0
DA:39,0
DA:40,0
DA:45,0
DA:46,0
DA:47,0
DA:49,0
DA:50,0
DA:53,0
DA:54,0
DA:56,0
DA:59,0
DA:61,0
DA:63,0
DA:64,0
DA:68,0
DA:77,0
DA:78,0
DA:80,0
DA:81,0
DA:95,0
DA:97,0
DA:98,0
DA:100,0
DA:106,0
DA:109,0
DA:110,0
DA:111,0
DA:114,0
DA:115,0
DA:118,0
DA:120,0
DA:121,0
DA:126,0
LF:46
LH:0
BRDA:30,0,0,0
BRDA:30,0,1,0
BRDA:35,1,0,0
BRDA:35,1,1,0
BRDA:53,2,0,0
BRDA:53,2,1,0
BRDA:63,3,0,0
BRDA:63,3,1,0
BRDA:106,4,0,0
BRDA:106,4,1,0
BRDA:109,5,0,0
BRDA:109,5,1,0
BRDA:109,6,0,0
BRDA:109,6,1,0
BRF:14
BRH:0
end_of_record
TN:
SF:extensions\memory\memory-manager.js
FN:22,(anonymous_0)
FN:32,(anonymous_1)
FN:55,(anonymous_2)
FN:67,(anonymous_3)
FN:154,(anonymous_4)
FN:203,(anonymous_5)
FN:270,(anonymous_6)
FN:309,(anonymous_7)
FN:351,(anonymous_8)
FN:370,(anonymous_9)
FN:432,(anonymous_10)
FN:458,(anonymous_11)
FN:476,(anonymous_12)
FN:486,(anonymous_13)
FN:504,(anonymous_14)
FNF:15
FNH:0
FNDA:0,(anonymous_0)
FNDA:0,(anonymous_1)
FNDA:0,(anonymous_2)
FNDA:0,(anonymous_3)
FNDA:0,(anonymous_4)
FNDA:0,(anonymous_5)
FNDA:0,(anonymous_6)
FNDA:0,(anonymous_7)
FNDA:0,(anonymous_8)
FNDA:0,(anonymous_9)
FNDA:0,(anonymous_10)
FNDA:0,(anonymous_11)
FNDA:0,(anonymous_12)
FNDA:0,(anonymous_13)
FNDA:0,(anonymous_14)
DA:10,0
DA:11,0
DA:12,0
DA:23,0
DA:24,0
DA:25,0
DA:33,0
DA:35,0
DA:37,0
DA:38,0
DA:39,0
DA:42,0
DA:43,0
DA:44,0
DA:46,0
DA:47,0
DA:56,0
DA:68,0
DA:70,0
DA:71,0
DA:73,0
DA:74,0
DA:75,0
DA:77,0
DA:79,0
DA:80,0
DA:85,0
DA:86,0
DA:88,0
DA:89,0
DA:90,0
DA:92,0
DA:96,0
DA:97,0
DA:98,0
DA:99,0
DA:100,0
DA:104,0
DA:105,0
DA:107,0
DA:108,0
DA:110,0
DA:116,0
DA:117,0
DA:118,0
DA:122,0
DA:135,0
DA:136,0
DA:143,0
DA:144,0
DA:147,0
DA:148,0
DA:149,0
DA:151,0
DA:154,0
DA:159,0
DA:160,0
DA:161,0
DA:162,0
DA:163,0
DA:167,0
DA:178,0
DA:180,0
DA:182,0
DA:185,0
DA:188,0
DA:189,0
DA:191,0
DA:204,0
DA:206,0
DA:207,0
DA:209,0
DA:210,0
DA:211,0
DA:213,0
DA:214,0
DA:215,0
DA:220,0
DA:221,0
DA:223,0
DA:235,0
DA:236,0
DA:237,0
DA:249,0
DA:251,0
DA:252,0
DA:253,0
DA:260,0
DA:261,0
DA:263,0
DA:264,0
DA:265,0
DA:267,0
DA:270,0
DA:275,0
DA:278,0
DA:288,0
DA:291,0
DA:310,0
DA:311,0
DA:312,0
DA:313,0
DA:315,0
DA:316,0
DA:317,0
DA:322,0
DA:323,0
DA:324,0
DA:328,0
DA:329,0
DA:330,0
DA:332,0
DA:333,0
DA:334,0
DA:335,0
DA:336,0
DA:338,0
DA:339,0
DA:341,0
DA:343,0
DA:344,0
DA:347,0
DA:348,0
DA:351,0
DA:356,0
DA:357,0
DA:359,0
DA:361,0
DA:371,0
DA:372,0
DA:373,0
DA:374,0
DA:376,0
DA:377,0
DA:378,0
DA:383,0
DA:384,0
DA:387,0
DA:388,0
DA:389,0
DA:390,0
DA:391,0
DA:395,0
DA:399,0
DA:400,0
DA:401,0
DA:403,0
DA:404,0
DA:406,0
DA:409,0
DA:410,0
DA:411,0
DA:412,0
DA:416,0
DA:417,0
DA:419,0
DA:420,0
DA:422,0
DA:424,0
DA:425,0
DA:428,0
DA:429,0
DA:432,0
DA:437,0
DA:440,0
DA:441,0
DA:442,0
DA:443,0
DA:447,0
DA:449,0
DA:450,0
DA:459,0
DA:460,0
DA:462,0
DA:477,0
DA:487,0
DA:488,0
DA:505,0
DA:506,0
DA:511,0
DA:513,0
LF:181
LH:0
BRDA:37,0,0,0
BRDA:37,0,1,0
BRDA:73,1,0,0
BRDA:73,1,1,0
BRDA:88,2,0,0
BRDA:88,2,1,0
BRDA:89,3,0,0
BRDA:89,3,1,0
BRDA:96,4,0,0
BRDA:96,4,1,0
BRDA:116,5,0,0
BRDA:116,5,1,0
BRDA:129,6,0,0
BRDA:129,6,1,0
BRDA:135,7,0,0
BRDA:135,7,1,0
BRDA:159,8,0,0
BRDA:159,8,1,0
BRDA:160,9,0,0
BRDA:160,9,1,0
BRDA:203,10,0,0
BRDA:209,11,0,0
BRDA:209,11,1,0
BRDA:220,12,0,0
BRDA:220,12,1,0
BRDA:235,13,0,0
BRDA:235,13,1,0
BRDA:275,14,0,0
BRDA:275,14,1,0
BRDA:309,15,0,0
BRDA:311,16,0,0
BRDA:311,16,1,0
BRDA:322,17,0,0
BRDA:322,17,1,0
BRDA:322,18,0,0
BRDA:322,18,1,0
BRDA:323,19,0,0
BRDA:323,19,1,0
BRDA:341,20,0,0
BRDA:341,20,1,0
BRDA:356,21,0,0
BRDA:356,21,1,0
BRDA:372,22,0,0
BRDA:372,22,1,0
BRDA:383,23,0,0
BRDA:383,23,1,0
BRDA:383,24,0,0
BRDA:383,24,1,0
BRDA:384,25,0,0
BRDA:384,25,1,0
BRDA:388,26,0,0
BRDA:388,26,1,0
BRDA:410,27,0,0
BRDA:410,27,1,0
BRDA:422,28,0,0
BRDA:422,28,1,0
BRDA:441,29,0,0
BRDA:441,29,1,0
BRDA:477,30,0,0
BRDA:477,30,1,0
BRDA:477,31,0,0
BRDA:477,31,1,0
BRDA:491,32,0,0
BRDA:491,32,1,0
BRDA:492,33,0,0
BRDA:492,33,1,0
BRF:66
BRH:0
end_of_record
TN:
SF:extensions\memory\supabase-client.js
FN:38,initializeClient
FN:62,getClient
FN:74,getTableName
FN:82,checkHealth
FNF:4
FNH:0
FNDA:0,initializeClient
FNDA:0,getClient
FNDA:0,getTableName
FNDA:0,checkHealth
DA:10,0
DA:11,0
DA:17,0
DA:31,0
DA:39,0
DA:41,0
DA:42,0
DA:46,0
DA:47,0
DA:49,0
DA:51,0
DA:53,0
DA:63,0
DA:64,0
DA:66,0
DA:75,0
DA:83,0
DA:84,0
DA:86,0
DA:91,0
DA:93,0
DA:99,0
DA:100,0
DA:108,0
LF:24
LH:0
BRDA:21,0,0,0
BRDA:21,0,1,0
BRDA:22,1,0,0
BRDA:22,1,1,0
BRDA:23,2,0,0
BRDA:23,2,1,0
BRDA:41,3,0,0
BRDA:41,3,1,0
BRDA:41,4,0,0
BRDA:41,4,1,0
BRDA:63,5,0,0
BRDA:63,5,1,0
BRDA:75,6,0,0
BRDA:75,6,1,0
BRDA:91,7,0,0
BRDA:91,7,1,0
BRF:16
BRH:0
end_of_record
TN:
SF:extensions\providers\index.js
FN:20,(anonymous_0)
FN:21,(anonymous_1)
FN:22,(anonymous_2)
FN:23,(anonymous_3)
FN:24,(anonymous_4)
FN:28,safeRequire
FN:38,getProviderPath
FN:76,(anonymous_7)
FN:91,initialize
FN:170,resolveProviderName
FN:188,setProvider
FN:208,(anonymous_11)
FN:209,(anonymous_12)
FN:210,(anonymous_13)
FN:211,(anonymous_14)
FN:256,getProvider
FN:264,getProviderName
FN:272,getAvailableProviders
FN:282,getResponse
FN:362,getLegacyResponse
FN:391,checkHealth
FNF:21
FNH:0
FNDA:0,(anonymous_0)
FNDA:0,(anonymous_1)
FNDA:0,(anonymous_2)
FNDA:0,(anonymous_3)
FNDA:0,(anonymous_4)
FNDA:0,safeRequire
FNDA:0,getProviderPath
FNDA:0,(anonymous_7)
FNDA:0,initialize
FNDA:0,resolveProviderName
FNDA:0,setProvider
FNDA:0,(anonymous_11)
FNDA:0,(anonymous_12)
FNDA:0,(anonymous_13)
FNDA:0,(anonymous_14)
FNDA:0,getProvider
FNDA:0,getProviderName
FNDA:0,getAvailableProviders
FNDA:0,getResponse
FNDA:0,getLegacyResponse
FNDA:0,checkHealth
DA:11,0
DA:12,0
DA:15,0
DA:16,0
DA:19,0
DA:20,0
DA:21,0
DA:22,0
DA:23,0
DA:24,0
DA:29,0
DA:30,0
DA:32,0
DA:33,0
DA:39,0
DA:40,0
DA:41,0
DA:42,0
DA:45,0
DA:47,0
DA:50,0
DA:51,0
DA:53,0
DA:56,0
DA:58,0
DA:59,0
DA:64,0
DA:73,0
DA:74,0
DA:75,0
DA:76,0
DA:77,0
DA:81,0
DA:82,0
DA:83,0
DA:92,0
DA:94,0
DA:95,0
DA:98,0
DA:99,0
DA:102,0
DA:103,0
DA:104,0
DA:108,0
DA:109,0
DA:110,0
DA:114,0
DA:115,0
DA:118,0
DA:119,0
DA:121,0
DA:122,0
DA:125,0
DA:126,0
DA:127,0
DA:128,0
DA:129,0
DA:137,0
DA:145,0
DA:146,0
DA:153,0
DA:154,0
DA:155,0
DA:172,0
DA:175,0
DA:176,0
DA:180,0
DA:189,0
DA:190,0
DA:191,0
DA:194,0
DA:195,0
DA:197,0
DA:201,0
DA:202,0
DA:203,0
DA:206,0
DA:208,0
DA:209,0
DA:210,0
DA:211,0
DA:215,0
DA:216,0
DA:217,0
DA:219,0
DA:220,0
DA:221,0
DA:225,0
DA:228,0
DA:229,0
DA:232,0
DA:233,0
DA:234,0
DA:235,0
DA:238,0
DA:239,0
DA:241,0
DA:242,0
DA:243,0
DA:246,0
DA:247,0
DA:248,0
DA:257,0
DA:265,0
DA:273,0
DA:283,0
DA:285,0
DA:286,0
DA:287,0
DA:291,0
DA:292,0
DA:293,0
DA:294,0
DA:298,0
DA:299,0
DA:300,0
DA:304,0
DA:305,0
DA:307,0
DA:311,0
DA:314,0
DA:316,0
DA:319,0
DA:320,0
DA:321,0
DA:323,0
DA:324,0
DA:326,0
DA:327,0
DA:335,0
DA:338,0
DA:339,0
DA:342,0
DA:343,0
DA:344,0
DA:345,0
DA:346,0
DA:347,0
DA:350,0
DA:363,0
DA:364,0
DA:366,0
DA:367,0
DA:368,0
DA:370,0
DA:377,0
DA:379,0
DA:382,0
DA:383,0
DA:392,0
DA:393,0
DA:394,0
DA:401,0
DA:402,0
DA:409,0
DA:410,0
DA:415,0
DA:416,0
DA:424,0
LF:159
LH:0
BRDA:16,0,0,0
BRDA:16,0,1,0
BRDA:28,1,0,0
BRDA:40,2,0,0
BRDA:40,2,1,0
BRDA:50,3,0,0
BRDA:50,3,1,0
BRDA:73,4,0,0
BRDA:73,4,1,0
BRDA:91,5,0,0
BRDA:95,6,0,0
BRDA:95,6,1,0
BRDA:98,7,0,0
BRDA:98,7,1,0
BRDA:98,7,2,0
BRDA:103,8,0,0
BRDA:103,8,1,0
BRDA:109,9,0,0
BRDA:109,9,1,0
BRDA:121,10,0,0
BRDA:121,10,1,0
BRDA:125,11,0,0
BRDA:125,11,1,0
BRDA:127,12,0,0
BRDA:127,12,1,0
BRDA:154,13,0,0
BRDA:154,13,1,0
BRDA:175,14,0,0
BRDA:175,14,1,0
BRDA:175,15,0,0
BRDA:175,15,1,0
BRDA:190,16,0,0
BRDA:190,16,1,0
BRDA:195,17,0,0
BRDA:195,17,1,0
BRDA:217,18,0,0
BRDA:217,18,1,0
BRDA:219,19,0,0
BRDA:219,19,1,0
BRDA:232,20,0,0
BRDA:232,20,1,0
BRDA:242,21,0,0
BRDA:242,21,1,0
BRDA:247,22,0,0
BRDA:247,22,1,0
BRDA:285,23,0,0
BRDA:285,23,1,0
BRDA:292,24,0,0
BRDA:292,24,1,0
BRDA:298,25,0,0
BRDA:298,25,1,0
BRDA:304,26,0,0
BRDA:304,26,1,0
BRDA:304,27,0,0
BRDA:304,27,1,0
BRDA:314,28,0,0
BRDA:314,28,1,0
BRDA:321,29,0,0
BRDA:321,29,1,0
BRDA:323,30,0,0
BRDA:323,31,0,0
BRDA:339,32,0,0
BRDA:339,32,1,0
BRDA:342,33,0,0
BRDA:342,33,1,0
BRDA:342,34,0,0
BRDA:342,34,1,0
BRDA:342,34,2,0
BRDA:344,35,0,0
BRDA:344,35,1,0
BRDA:346,36,0,0
BRDA:346,36,1,0
BRDA:346,37,0,0
BRDA:346,37,1,0
BRDA:362,38,0,0
BRDA:362,39,0,0
BRDA:366,40,0,0
BRDA:366,40,1,0
BRDA:368,41,0,0
BRDA:368,41,1,0
BRDA:374,42,0,0
BRDA:374,42,1,0
BRDA:393,43,0,0
BRDA:393,43,1,0
BRDA:401,44,0,0
BRDA:401,44,1,0
BRF:86
BRH:0
end_of_record
TN:
SF:extensions\providers\openai-memory-provider.js
FN:30,initialize
FN:70,getAIResponse
FN:148,clearConversationHistory
FN:175,checkHealth
FN:223,getConfig
FN:236,isConfigured
FN:245,getResponse
FNF:7
FNH:0
FNDA:0,initialize
FNDA:0,getAIResponse
FNDA:0,clearConversationHistory
FNDA:0,checkHealth
FNDA:0,getConfig
FNDA:0,isConfigured
FNDA:0,getResponse
DA:10,0
DA:11,0
DA:12,0
DA:13,0
DA:16,0
DA:19,0
DA:22,0
DA:31,0
DA:33,0
DA:34,0
DA:35,0
DA:36,0
DA:40,0
DA:43,0
DA:48,0
DA:51,0
DA:52,0
DA:54,0
DA:55,0
DA:57,0
DA:58,0
DA:71,0
DA:72,0
DA:73,0
DA:77,0
DA:85,0
DA:91,0
DA:97,0
DA:104,0
DA:107,0
DA:114,0
DA:115,0
DA:118,0
DA:121,0
DA:129,0
DA:136,0
DA:138,0
DA:139,0
DA:149,0
DA:150,0
DA:157,0
DA:158,0
DA:159,0
DA:160,0
DA:164,0
DA:166,0
DA:167,0
DA:176,0
DA:177,0
DA:178,0
DA:186,0
DA:189,0
DA:192,0
DA:193,0
DA:200,0
DA:209,0
DA:210,0
DA:224,0
DA:237,0
DA:246,0
DA:248,0
DA:251,0
DA:258,0
DA:259,0
DA:263,0
LF:65
LH:0
BRDA:34,0,0,0
BRDA:34,0,1,0
BRDA:40,1,0,0
BRDA:40,1,1,0
BRDA:70,2,0,0
BRDA:72,3,0,0
BRDA:72,3,1,0
BRDA:79,4,0,0
BRDA:79,4,1,0
BRDA:80,5,0,0
BRDA:80,5,1,0
BRDA:104,6,0,0
BRDA:104,6,1,0
BRDA:114,7,0,0
BRDA:114,7,1,0
BRDA:114,8,0,0
BRDA:114,8,1,0
BRDA:133,9,0,0
BRDA:133,9,1,0
BRDA:157,10,0,0
BRDA:157,10,1,0
BRDA:157,11,0,0
BRDA:157,11,1,0
BRDA:177,12,0,0
BRDA:177,12,1,0
BRDA:192,13,0,0
BRDA:192,13,1,0
BRDA:226,14,0,0
BRDA:226,14,1,0
BRDA:237,15,0,0
BRDA:237,15,1,0
BRDA:254,16,0,0
BRDA:254,16,1,0
BRF:33
BRH:0
end_of_record
TN:
SF:extensions\rag\chunk-manager.js
FN:31,splitIntoChunks
FN:75,normalizeText
FN:91,segmentText
FN:107,(anonymous_3)
FN:117,mergeSegmentsIntoChunks
FN:176,forceChunkLongText
FN:214,createOverlappingChunks
FN:243,createChunksWithMetadata
FN:248,(anonymous_8)
FNF:9
FNH:0
FNDA:0,splitIntoChunks
FNDA:0,normalizeText
FNDA:0,segmentText
FNDA:0,(anonymous_3)
FNDA:0,mergeSegmentsIntoChunks
FNDA:0,forceChunkLongText
FNDA:0,createOverlappingChunks
FNDA:0,createChunksWithMetadata
FNDA:0,(anonymous_8)
DA:9,0
DA:15,0
DA:32,0
DA:34,0
DA:40,0
DA:41,0
DA:42,0
DA:46,0
DA:49,0
DA:50,0
DA:51,0
DA:55,0
DA:58,0
DA:60,0
DA:61,0
DA:63,0
DA:65,0
DA:77,0
DA:79,0
DA:81,0
DA:82,0
DA:93,0
DA:96,0
DA:97,0
DA:98,0
DA:100,0
DA:101,0
DA:103,0
DA:107,0
DA:118,0
DA:119,0
DA:121,0
DA:123,0
DA:124,0
DA:126,0
DA:129,0
DA:130,0
DA:131,0
DA:135,0
DA:136,0
DA:139,0
DA:144,0
DA:146,0
DA:147,0
DA:150,0
DA:157,0
DA:158,0
DA:162,0
DA:163,0
DA:166,0
DA:177,0
DA:178,0
DA:180,0
DA:182,0
DA:185,0
DA:186,0
DA:187,0
DA:190,0
DA:191,0
DA:192,0
DA:193,0
DA:194,0
DA:200,0
DA:201,0
DA:204,0
DA:215,0
DA:217,0
DA:218,0
DA:220,0
DA:223,0
DA:224,0
DA:229,0
DA:233,0
DA:245,0
DA:248,0
DA:260,0
LF:76
LH:0
BRDA:17,0,0,0
BRDA:17,0,1,0
BRDA:18,1,0,0
BRDA:18,1,1,0
BRDA:20,2,0,0
BRDA:20,2,1,0
BRDA:31,3,0,0
BRDA:40,4,0,0
BRDA:40,4,1,0
BRDA:40,5,0,0
BRDA:40,5,1,0
BRDA:49,6,0,0
BRDA:49,6,1,0
BRDA:98,7,0,0
BRDA:98,7,1,0
BRDA:123,8,0,0
BRDA:123,8,1,0
BRDA:124,9,0,0
BRDA:124,9,1,0
BRDA:129,10,0,0
BRDA:129,10,1,0
BRDA:144,11,0,0
BRDA:144,11,1,0
BRDA:144,12,0,0
BRDA:144,12,1,0
BRDA:150,13,0,0
BRDA:150,13,1,0
BRDA:157,14,0,0
BRDA:157,14,1,0
BRDA:162,15,0,0
BRDA:162,15,1,0
BRDA:162,16,0,0
BRDA:162,16,1,0
BRDA:186,17,0,0
BRDA:186,17,1,0
BRDA:191,18,0,0
BRDA:191,18,1,0
BRDA:191,19,0,0
BRDA:191,19,1,0
BRDA:193,20,0,0
BRDA:193,20,1,0
BRDA:218,21,0,0
BRDA:218,21,1,0
BRDA:224,22,0,0
BRDA:224,22,1,0
BRDA:243,23,0,0
BRDA:243,24,0,0
BRF:47
BRH:0
end_of_record
TN:
SF:extensions\rag\embeddings.js
FN:42,initializeClient
FN:65,getClient
FN:78,generateEmbedding
FN:111,(anonymous_3)
FN:125,generateEmbeddingBatch
FN:134,(anonymous_5)
FN:134,(anonymous_6)
FN:154,manageRateLimit
FN:170,(anonymous_8)
FN:182,initialize
FN:196,checkHealth
FNF:11
FNH:0
FNDA:0,initializeClient
FNDA:0,getClient
FNDA:0,generateEmbedding
FNDA:0,(anonymous_3)
FNDA:0,generateEmbeddingBatch
FNDA:0,(anonymous_5)
FNDA:0,(anonymous_6)
FNDA:0,manageRateLimit
FNDA:0,(anonymous_8)
FNDA:0,initialize
FNDA:0,checkHealth
DA:9,0
DA:10,0
DA:12,0
DA:18,0
DA:24,0
DA:43,0
DA:44,0
DA:45,0
DA:48,0
DA:52,0
DA:53,0
DA:55,0
DA:56,0
DA:66,0
DA:67,0
DA:69,0
DA:79,0
DA:80,0
DA:83,0
DA:84,0
DA:85,0
DA:89,0
DA:92,0
DA:99,0
DA:100,0
DA:103,0
DA:104,0
DA:107,0
DA:108,0
DA:111,0
DA:112,0
DA:115,0
DA:116,0
DA:126,0
DA:128,0
DA:129,0
DA:133,0
DA:134,0
DA:135,0
DA:137,0
DA:141,0
DA:142,0
DA:144,0
DA:145,0
DA:156,0
DA:157,0
DA:158,0
DA:159,0
DA:163,0
DA:166,0
DA:167,0
DA:168,0
DA:169,0
DA:170,0
DA:172,0
DA:173,0
DA:183,0
DA:184,0
DA:185,0
DA:187,0
DA:188,0
DA:197,0
DA:198,0
DA:201,0
DA:204,0
DA:205,0
DA:210,0
DA:216,0
DA:223,0
LF:69
LH:0
BRDA:25,0,0,0
BRDA:25,0,1,0
BRDA:26,1,0,0
BRDA:26,1,1,0
BRDA:44,2,0,0
BRDA:44,2,1,0
BRDA:66,3,0,0
BRDA:66,3,1,0
BRDA:78,4,0,0
BRDA:83,5,0,0
BRDA:83,5,1,0
BRDA:83,6,0,0
BRDA:83,6,1,0
BRDA:99,7,0,0
BRDA:99,7,1,0
BRDA:107,8,0,0
BRDA:107,8,1,0
BRDA:128,9,0,0
BRDA:128,9,1,0
BRDA:128,10,0,0
BRDA:128,10,1,0
BRDA:157,11,0,0
BRDA:157,11,1,0
BRDA:157,12,0,0
BRDA:157,12,1,0
BRDA:166,13,0,0
BRDA:166,13,1,0
BRDA:168,14,0,0
BRDA:168,14,1,0
BRDA:204,15,0,0
BRDA:204,15,1,0
BRDA:204,16,0,0
BRDA:204,16,1,0
BRDA:204,16,2,0
BRF:34
BRH:0
end_of_record
TN:
SF:extensions\rag\index.js
FN:50,initialize
FN:109,setupHealthCheckInterval
FN:116,(anonymous_2)
FN:136,processMessage
FN:166,addDocument
FN:198,listDocuments
FN:228,getDocument
FN:259,deleteDocument
FN:303,checkHealth
FN:336,(anonymous_9)
FN:351,generateContextForPrompt
FN:360,isInitialized
FN:371,addToKnowledgeBase
FN:381,search
FNF:14
FNH:0
FNDA:0,initialize
FNDA:0,setupHealthCheckInterval
FNDA:0,(anonymous_2)
FNDA:0,processMessage
FNDA:0,addDocument
FNDA:0,listDocuments
FNDA:0,getDocument
FNDA:0,deleteDocument
FNDA:0,checkHealth
FNDA:0,(anonymous_9)
FNDA:0,generateContextForPrompt
FNDA:0,isInitialized
FNDA:0,addToKnowledgeBase
FNDA:0,search
DA:9,0
DA:10,0
DA:11,0
DA:12,0
DA:13,0
DA:14,0
DA:20,0
DA:39,0
DA:51,0
DA:52,0
DA:53,0
DA:60,0
DA:61,0
DA:62,0
DA:69,0
DA:70,0
DA:73,0
DA:76,0
DA:77,0
DA:78,0
DA:81,0
DA:84,0
DA:85,0
DA:87,0
DA:94,0
DA:95,0
DA:96,0
DA:111,0
DA:112,0
DA:116,0
DA:117,0
DA:118,0
DA:119,0
DA:120,0
DA:122,0
DA:124,0
DA:125,0
DA:138,0
DA:139,0
DA:142,0
DA:144,0
DA:146,0
DA:148,0
DA:150,0
DA:151,0
DA:167,0
DA:168,0
DA:174,0
DA:175,0
DA:177,0
DA:178,0
DA:184,0
DA:186,0
DA:187,0
DA:199,0
DA:200,0
DA:203,0
DA:205,0
DA:209,0
DA:214,0
DA:216,0
DA:218,0
DA:219,0
DA:229,0
DA:230,0
DA:233,0
DA:235,0
DA:239,0
DA:245,0
DA:247,0
DA:249,0
DA:250,0
DA:260,0
DA:261,0
DA:267,0
DA:269,0
DA:273,0
DA:278,0
DA:281,0
DA:286,0
DA:288,0
DA:289,0
DA:291,0
DA:292,0
DA:304,0
DA:306,0
DA:309,0
DA:310,0
DA:311,0
DA:312,0
DA:313,0
DA:316,0
DA:325,0
DA:334,0
DA:336,0
DA:337,0
DA:338,0
DA:340,0
DA:352,0
DA:353,0
DA:361,0
DA:372,0
DA:382,0
DA:383,0
DA:386,0
DA:387,0
DA:388,0
DA:390,0
DA:391,0
DA:395,0
LF:110
LH:0
BRDA:23,0,0,0
BRDA:23,0,1,0
BRDA:26,1,0,0
BRDA:26,1,1,0
BRDA:32,2,0,0
BRDA:32,2,1,0
BRDA:51,3,0,0
BRDA:51,3,1,0
BRDA:60,4,0,0
BRDA:60,4,1,0
BRDA:111,5,0,0
BRDA:111,5,1,0
BRDA:136,6,0,0
BRDA:138,7,0,0
BRDA:138,7,1,0
BRDA:138,8,0,0
BRDA:138,8,1,0
BRDA:166,9,0,0
BRDA:167,10,0,0
BRDA:167,10,1,0
BRDA:167,11,0,0
BRDA:167,11,1,0
BRDA:177,12,0,0
BRDA:177,12,1,0
BRDA:177,13,0,0
BRDA:177,13,1,0
BRDA:181,14,0,0
BRDA:181,14,1,0
BRDA:199,15,0,0
BRDA:199,15,1,0
BRDA:199,16,0,0
BRDA:199,16,1,0
BRDA:205,17,0,0
BRDA:205,17,1,0
BRDA:214,18,0,0
BRDA:214,18,1,0
BRDA:216,19,0,0
BRDA:216,19,1,0
BRDA:229,20,0,0
BRDA:229,20,1,0
BRDA:229,21,0,0
BRDA:229,21,1,0
BRDA:229,21,2,0
BRDA:235,22,0,0
BRDA:235,22,1,0
BRDA:245,23,0,0
BRDA:245,23,1,0
BRDA:260,24,0,0
BRDA:260,24,1,0
BRDA:260,25,0,0
BRDA:260,25,1,0
BRDA:260,25,2,0
BRDA:269,26,0,0
BRDA:269,26,1,0
BRDA:278,27,0,0
BRDA:278,27,1,0
BRDA:286,28,0,0
BRDA:286,28,1,0
BRDA:310,29,0,0
BRDA:310,29,1,0
BRDA:312,30,0,0
BRDA:312,30,1,0
BRDA:334,31,0,0
BRDA:334,31,1,0
BRDA:334,32,0,0
BRDA:334,32,1,0
BRDA:351,33,0,0
BRDA:353,34,0,0
BRDA:353,34,1,0
BRDA:371,35,0,0
BRDA:381,36,0,0
BRDA:382,37,0,0
BRDA:382,37,1,0
BRDA:382,38,0,0
BRDA:382,38,1,0
BRDA:388,39,0,0
BRDA:388,39,1,0
BRF:77
BRH:0
end_of_record
TN:
SF:extensions\rag\knowledge-base.js
FN:23,addDocument
FN:50,(anonymous_1)
FN:71,(anonymous_2)
FN:99,searchKnowledge
FN:122,(anonymous_4)
FN:139,extractKeywords
FN:149,(anonymous_6)
FN:159,initialize
FN:177,checkHealth
FNF:9
FNH:0
FNDA:0,addDocument
FNDA:0,(anonymous_1)
FNDA:0,(anonymous_2)
FNDA:0,searchKnowledge
FNDA:0,(anonymous_4)
FNDA:0,extractKeywords
FNDA:0,(anonymous_6)
FNDA:0,initialize
FNDA:0,checkHealth
DA:10,0
DA:11,0
DA:12,0
DA:13,0
DA:24,0
DA:25,0
DA:28,0
DA:29,0
DA:30,0
DA:33,0
DA:36,0
DA:46,0
DA:49,0
DA:52,0
DA:55,0
DA:62,0
DA:71,0
DA:72,0
DA:74,0
DA:76,0
DA:84,0
DA:85,0
DA:100,0
DA:102,0
DA:104,0
DA:105,0
DA:106,0
DA:110,0
DA:113,0
DA:119,0
DA:122,0
DA:129,0
DA:130,0
DA:141,0
DA:146,0
DA:149,0
DA:152,0
DA:160,0
DA:162,0
DA:163,0
DA:165,0
DA:166,0
DA:168,0
DA:169,0
DA:178,0
DA:180,0
DA:181,0
DA:184,0
DA:185,0
DA:195,0
DA:205,0
DA:212,0
LF:52
LH:0
BRDA:23,0,0,0
BRDA:23,1,0,0
BRDA:29,2,0,0
BRDA:29,2,1,0
BRDA:99,3,0,0
BRDA:99,4,0,0
BRDA:104,5,0,0
BRDA:104,5,1,0
BRDA:149,6,0,0
BRDA:149,6,1,0
BRDA:184,7,0,0
BRDA:184,7,1,0
BRDA:184,8,0,0
BRDA:184,8,1,0
BRF:14
BRH:0
end_of_record
TN:
SF:extensions\rag\query-engine.js
FN:32,search
FN:103,preprocessQuery
FN:121,expandQuery
FN:159,deduplicateAndRankResults
FN:177,(anonymous_4)
FN:187,selectResultsWithinLength
FN:222,buildContextFromResults
FN:230,(anonymous_7)
FN:246,checkHealth
FNF:9
FNH:0
FNDA:0,search
FNDA:0,preprocessQuery
FNDA:0,expandQuery
FNDA:0,deduplicateAndRankResults
FNDA:0,(anonymous_4)
FNDA:0,selectResultsWithinLength
FNDA:0,buildContextFromResults
FNDA:0,(anonymous_7)
FNDA:0,checkHealth
DA:9,0
DA:10,0
DA:16,0
DA:33,0
DA:34,0
DA:37,0
DA:40,0
DA:41,0
DA:42,0
DA:43,0
DA:44,0
DA:49,0
DA:50,0
DA:51,0
DA:57,0
DA:58,0
DA:63,0
DA:66,0
DA:69,0
DA:72,0
DA:80,0
DA:82,0
DA:88,0
DA:89,0
DA:105,0
DA:108,0
DA:112,0
DA:123,0
DA:125,0
DA:127,0
DA:129,0
DA:132,0
DA:135,0
DA:137,0
DA:140,0
DA:141,0
DA:142,0
DA:146,0
DA:148,0
DA:149,0
DA:161,0
DA:163,0
DA:165,0
DA:168,0
DA:169,0
DA:174,0
DA:177,0
DA:188,0
DA:189,0
DA:191,0
DA:192,0
DA:195,0
DA:196,0
DA:197,0
DA:198,0
DA:200,0
DA:205,0
DA:206,0
DA:209,0
DA:213,0
DA:223,0
DA:224,0
DA:228,0
DA:230,0
DA:232,0
DA:236,0
DA:239,0
DA:247,0
DA:249,0
DA:251,0
DA:252,0
DA:260,0
DA:269,0
DA:276,0
LF:74
LH:0
BRDA:17,0,0,0
BRDA:17,0,1,0
BRDA:18,1,0,0
BRDA:18,1,1,0
BRDA:20,2,0,0
BRDA:20,2,1,0
BRDA:21,3,0,0
BRDA:21,3,1,0
BRDA:24,4,0,0
BRDA:24,4,1,0
BRDA:41,5,0,0
BRDA:41,5,1,0
BRDA:43,6,0,0
BRDA:43,6,1,0
BRDA:57,7,0,0
BRDA:57,7,1,0
BRDA:77,8,0,0
BRDA:77,8,1,0
BRDA:123,9,0,0
BRDA:123,9,1,0
BRDA:123,10,0,0
BRDA:123,10,1,0
BRDA:129,11,0,0
BRDA:129,11,1,0
BRDA:135,12,0,0
BRDA:135,12,1,0
BRDA:141,13,0,0
BRDA:141,13,1,0
BRDA:168,14,0,0
BRDA:168,14,1,0
BRDA:168,15,0,0
BRDA:168,15,1,0
BRDA:195,16,0,0
BRDA:195,16,1,0
BRDA:198,17,0,0
BRDA:198,17,1,0
BRDA:198,18,0,0
BRDA:198,18,1,0
BRDA:223,19,0,0
BRDA:223,19,1,0
BRDA:232,20,0,0
BRDA:232,20,1,0
BRDA:232,21,0,0
BRDA:232,21,1,0
BRDA:251,22,0,0
BRDA:251,22,1,0
BRDA:251,23,0,0
BRDA:251,23,1,0
BRF:48
BRH:0
end_of_record
TN:
SF:extensions\rag\vector-store.js
FN:37,storeEmbedding
FN:68,addKnowledge
FN:99,similaritySearch
FN:132,initialize
FN:152,setupStoredProcedures
FN:177,checkHealth
FNF:6
FNH:0
FNDA:0,storeEmbedding
FNDA:0,addKnowledge
FNDA:0,similaritySearch
FNDA:0,initialize
FNDA:0,setupStoredProcedures
FNDA:0,checkHealth
DA:9,0
DA:11,0
DA:17,0
DA:38,0
DA:39,0
DA:40,0
DA:51,0
DA:53,0
DA:54,0
DA:56,0
DA:57,0
DA:69,0
DA:70,0
DA:71,0
DA:82,0
DA:84,0
DA:85,0
DA:87,0
DA:88,0
DA:100,0
DA:101,0
DA:104,0
DA:110,0
DA:113,0
DA:114,0
DA:115,0
DA:118,0
DA:119,0
DA:121,0
DA:124,0
DA:133,0
DA:135,0
DA:136,0
DA:139,0
DA:141,0
DA:143,0
DA:144,0
DA:153,0
DA:154,0
DA:157,0
DA:159,0
DA:161,0
DA:162,0
DA:166,0
DA:168,0
DA:169,0
DA:178,0
DA:179,0
DA:182,0
DA:187,0
DA:189,0
DA:194,0
DA:201,0
LF:53
LH:0
BRDA:19,0,0,0
BRDA:19,0,1,0
BRDA:20,1,0,0
BRDA:20,1,1,0
BRDA:24,2,0,0
BRDA:24,2,1,0
BRDA:25,3,0,0
BRDA:25,3,1,0
BRDA:37,4,0,0
BRDA:51,5,0,0
BRDA:51,5,1,0
BRDA:68,6,0,0
BRDA:82,7,0,0
BRDA:82,7,1,0
BRDA:99,8,0,0
BRDA:99,9,0,0
BRDA:110,10,0,0
BRDA:110,10,1,0
BRDA:113,11,0,0
BRDA:113,11,1,0
BRDA:113,12,0,0
BRDA:113,12,1,0
BRDA:159,13,0,0
BRDA:159,13,1,0
BRDA:161,14,0,0
BRDA:161,14,1,0
BRDA:187,15,0,0
BRDA:187,15,1,0
BRF:28
BRH:0
end_of_record
TN:
SF:handlers\commands.js
FN:32,executeCommand
FN:74,handlePing
FN:84,handleHelp
FN:111,handleAbout
FN:133,handleStatus
FN:186,handleReset
FN:235,handleIntervention
FN:295,handleDateTime
FN:345,handleSearch
FNF:9
FNH:0
FNDA:0,executeCommand
FNDA:0,handlePing
FNDA:0,handleHelp
FNDA:0,handleAbout
FNDA:0,handleStatus
FNDA:0,handleReset
FNDA:0,handleIntervention
FNDA:0,handleDateTime
FNDA:0,handleSearch
DA:6,0
DA:7,0
DA:8,0
DA:9,0
DA:10,0
DA:14,0
DA:16,0
DA:19,0
DA:33,0
DA:35,0
DA:50,0
DA:51,0
DA:52,0
DA:55,0
DA:57,0
DA:59,0
DA:60,0
DA:62,0
DA:65,0
DA:75,0
DA:76,0
DA:85,0
DA:87,0
DA:103,0
DA:112,0
DA:124,0
DA:135,0
DA:136,0
DA:138,0
DA:140,0
DA:141,0
DA:144,0
DA:145,0
DA:146,0
DA:149,0
DA:150,0
DA:154,0
DA:155,0
DA:156,0
DA:157,0
DA:158,0
DA:160,0
DA:162,0
DA:178,0
DA:187,0
DA:189,0
DA:191,0
DA:194,0
DA:195,0
DA:196,0
DA:200,0
DA:202,0
DA:204,0
DA:205,0
DA:206,0
DA:209,0
DA:210,0
DA:211,0
DA:213,0
DA:217,0
DA:218,0
DA:219,0
DA:221,0
DA:225,0
DA:226,0
DA:237,0
DA:238,0
DA:239,0
DA:242,0
DA:245,0
DA:246,0
DA:256,0
DA:257,0
DA:261,0
DA:262,0
DA:264,0
DA:265,0
DA:266,0
DA:270,0
DA:272,0
DA:273,0
DA:277,0
DA:279,0
DA:280,0
DA:281,0
DA:285,0
DA:287,0
DA:296,0
DA:298,0
DA:300,0
DA:301,0
DA:303,0
DA:305,0
DA:306,0
DA:309,0
DA:311,0
DA:312,0
DA:313,0
DA:315,0
DA:316,0
DA:320,0
DA:326,0
DA:327,0
DA:330,0
DA:331,0
DA:333,0
DA:335,0
DA:346,0
DA:348,0
DA:350,0
DA:351,0
DA:353,0
DA:355,0
DA:356,0
DA:358,0
DA:360,0
DA:363,0
DA:365,0
DA:366,0
DA:368,0
DA:373,0
DA:374,0
DA:375,0
DA:377,0
DA:380,0
DA:384,0
DA:386,0
DA:389,0
DA:390,0
DA:393,0
DA:394,0
DA:397,0
DA:398,0
DA:400,0
DA:401,0
DA:402,0
DA:405,0
DA:414,0
DA:415,0
DA:419,0
DA:420,0
DA:422,0
DA:426,0
DA:427,0
DA:429,0
DA:430,0
DA:432,0
DA:435,0
DA:439,0
DA:440,0
DA:442,0
DA:443,0
DA:444,0
DA:445,0
DA:448,0
DA:453,0
LF:156
LH:0
BRDA:14,0,0,0
BRDA:14,0,1,0
BRDA:19,1,0,0
BRDA:19,1,1,0
BRDA:50,2,0,0
BRDA:50,2,1,0
BRDA:85,3,0,0
BRDA:85,3,1,0
BRDA:118,4,0,0
BRDA:118,4,1,0
BRDA:141,5,0,0
BRDA:141,5,1,0
BRDA:144,6,0,0
BRDA:144,6,1,0
BRDA:189,7,0,0
BRDA:189,7,1,0
BRDA:190,8,0,0
BRDA:190,8,1,0
BRDA:191,9,0,0
BRDA:191,9,1,0
BRDA:194,10,0,0
BRDA:194,10,1,0
BRDA:200,11,0,0
BRDA:200,11,1,0
BRDA:204,12,0,0
BRDA:204,12,1,0
BRDA:209,13,0,0
BRDA:209,13,1,0
BRDA:217,14,0,0
BRDA:217,14,1,0
BRDA:237,15,0,0
BRDA:237,15,1,0
BRDA:245,16,0,0
BRDA:245,16,1,0
BRDA:261,17,0,0
BRDA:261,17,1,0
BRDA:264,18,0,0
BRDA:264,18,1,0
BRDA:264,19,0,0
BRDA:264,19,1,0
BRDA:279,20,0,0
BRDA:279,20,1,0
BRDA:298,21,0,0
BRDA:298,21,1,0
BRDA:299,22,0,0
BRDA:299,22,1,0
BRDA:300,23,0,0
BRDA:300,23,1,0
BRDA:309,24,0,0
BRDA:309,24,1,0
BRDA:348,25,0,0
BRDA:348,25,1,0
BRDA:349,26,0,0
BRDA:349,26,1,0
BRDA:350,27,0,0
BRDA:350,27,1,0
BRDA:353,28,0,0
BRDA:353,28,1,0
BRDA:355,29,0,0
BRDA:355,29,1,0
BRDA:374,30,0,0
BRDA:374,30,1,0
BRDA:389,31,0,0
BRDA:389,31,1,0
BRDA:390,32,0,0
BRDA:390,32,1,0
BRDA:397,33,0,0
BRDA:397,33,1,0
BRDA:397,34,0,0
BRDA:397,34,1,0
BRDA:398,35,0,0
BRDA:398,35,1,0
BRDA:400,36,0,0
BRDA:400,36,1,0
BRDA:410,37,0,0
BRDA:410,37,1,0
BRDA:419,38,0,0
BRDA:419,38,1,0
BRDA:429,39,0,0
BRDA:429,39,1,0
BRDA:442,40,0,0
BRDA:442,40,1,0
BRDA:442,41,0,0
BRDA:442,41,1,0
BRDA:444,42,0,0
BRDA:444,42,1,0
BRF:86
BRH:0
end_of_record
TN:
SF:handlers\context-intervention.js
FN:29,shouldIntervene
FN:76,generateContextResponse
FN:86,(anonymous_2)
FN:131,updateInterventionKeywords
FN:151,updateInterventionMode
FN:173,updateInterventionCooldown
FNF:6
FNH:0
FNDA:0,shouldIntervene
FNDA:0,generateContextResponse
FNDA:0,(anonymous_2)
FNDA:0,updateInterventionKeywords
FNDA:0,updateInterventionMode
FNDA:0,updateInterventionCooldown
DA:6,0
DA:7,0
DA:8,0
DA:9,0
DA:13,0
DA:15,0
DA:18,0
DA:30,0
DA:32,0
DA:33,0
DA:37,0
DA:40,0
DA:58,0
DA:59,0
DA:60,0
DA:63,0
DA:65,0
DA:66,0
DA:77,0
DA:79,0
DA:83,0
DA:86,0
DA:87,0
DA:91,0
DA:95,0
DA:97,0
DA:99,0
DA:100,0
DA:101,0
DA:105,0
DA:113,0
DA:116,0
DA:119,0
DA:121,0
DA:122,0
DA:132,0
DA:133,0
DA:136,0
DA:138,0
DA:139,0
DA:141,0
DA:142,0
DA:152,0
DA:154,0
DA:155,0
DA:158,0
DA:160,0
DA:161,0
DA:163,0
DA:164,0
DA:174,0
DA:175,0
DA:178,0
DA:180,0
DA:181,0
DA:183,0
DA:184,0
DA:188,0
LF:58
LH:0
BRDA:13,0,0,0
BRDA:13,0,1,0
BRDA:18,1,0,0
BRDA:18,1,1,0
BRDA:32,2,0,0
BRDA:32,2,1,0
BRDA:51,3,0,0
BRDA:51,3,1,0
BRDA:53,4,0,0
BRDA:53,4,1,0
BRDA:58,5,0,0
BRDA:58,5,1,0
BRDA:58,6,0,0
BRDA:58,6,1,0
BRDA:59,7,0,0
BRDA:59,7,1,0
BRDA:76,8,0,0
BRDA:79,9,0,0
BRDA:79,9,1,0
BRDA:95,10,0,0
BRDA:95,10,1,0
BRDA:99,11,0,0
BRDA:99,11,1,0
BRDA:132,12,0,0
BRDA:132,12,1,0
BRDA:154,13,0,0
BRDA:154,13,1,0
BRDA:174,14,0,0
BRDA:174,14,1,0
BRDA:174,15,0,0
BRDA:174,15,1,0
BRF:31
BRH:0
end_of_record
TN:
SF:handlers\message-handler.js
FN:24,setAIProvider
FN:29,handleMessage
FN:81,handleIntervention
FN:93,processMessageWithAI
FN:219,buildContextPrompt
FN:293,(anonymous_5)
FN:350,(anonymous_6)
FN:362,chunkMessage
FNF:8
FNH:0
FNDA:0,setAIProvider
FNDA:0,handleMessage
FNDA:0,handleIntervention
FNDA:0,processMessageWithAI
FNDA:0,buildContextPrompt
FNDA:0,(anonymous_5)
FNDA:0,(anonymous_6)
FNDA:0,chunkMessage
DA:4,0
DA:5,0
DA:6,0
DA:7,0
DA:8,0
DA:9,0
DA:10,0
DA:11,0
DA:14,0
DA:15,0
DA:16,0
DA:17,0
DA:20,0
DA:22,0
DA:25,0
DA:26,0
DA:30,0
DA:32,0
DA:33,0
DA:34,0
DA:37,0
DA:38,0
DA:42,0
DA:43,0
DA:44,0
DA:46,0
DA:50,0
DA:51,0
DA:54,0
DA:59,0
DA:62,0
DA:63,0
DA:64,0
DA:65,0
DA:67,0
DA:68,0
DA:71,0
DA:73,0
DA:74,0
DA:77,0
DA:82,0
DA:83,0
DA:84,0
DA:87,0
DA:89,0
DA:94,0
DA:96,0
DA:97,0
DA:98,0
DA:99,0
DA:103,0
DA:117,0
DA:118,0
DA:119,0
DA:120,0
DA:124,0
DA:126,0
DA:131,0
DA:132,0
DA:133,0
DA:134,0
DA:135,0
DA:136,0
DA:137,0
DA:140,0
DA:145,0
DA:147,0
DA:150,0
DA:151,0
DA:155,0
DA:156,0
DA:159,0
DA:162,0
DA:165,0
DA:168,0
DA:171,0
DA:174,0
DA:178,0
DA:179,0
DA:182,0
DA:183,0
DA:187,0
DA:190,0
DA:191,0
DA:192,0
DA:193,0
DA:197,0
DA:198,0
DA:199,0
DA:206,0
DA:210,0
DA:211,0
DA:214,0
DA:215,0
DA:221,0
DA:222,0
DA:234,0
DA:235,0
DA:237,0
DA:238,0
DA:239,0
DA:240,0
DA:242,0
DA:246,0
DA:247,0
DA:248,0
DA:252,0
DA:255,0
DA:258,0
DA:259,0
DA:260,0
DA:261,0
DA:262,0
DA:263,0
DA:265,0
DA:266,0
DA:267,0
DA:269,0
DA:272,0
DA:273,0
DA:274,0
DA:275,0
DA:276,0
DA:279,0
DA:281,0
DA:284,0
DA:285,0
DA:289,0
DA:290,0
DA:293,0
DA:295,0
DA:296,0
DA:299,0
DA:301,0
DA:304,0
DA:308,0
DA:309,0
DA:310,0
DA:317,0
DA:319,0
DA:320,0
DA:321,0
DA:322,0
DA:323,0
DA:324,0
DA:325,0
DA:326,0
DA:327,0
DA:328,0
DA:330,0
DA:334,0
DA:338,0
DA:342,0
DA:343,0
DA:344,0
DA:348,0
DA:349,0
DA:350,0
DA:351,0
DA:356,0
DA:358,0
DA:363,0
DA:365,0
DA:366,0
DA:369,0
DA:372,0
LF:166
LH:0
BRDA:30,0,0,0
BRDA:30,0,1,0
BRDA:37,1,0,0
BRDA:37,1,1,0
BRDA:42,2,0,0
BRDA:42,2,1,0
BRDA:42,3,0,0
BRDA:42,3,1,0
BRDA:42,3,2,0
BRDA:43,4,0,0
BRDA:43,4,1,0
BRDA:50,5,0,0
BRDA:50,5,1,0
BRDA:50,6,0,0
BRDA:50,6,1,0
BRDA:59,7,0,0
BRDA:59,7,1,0
BRDA:62,8,0,0
BRDA:62,8,1,0
BRDA:73,9,0,0
BRDA:73,9,1,0
BRDA:93,10,0,0
BRDA:93,11,0,0
BRDA:96,12,0,0
BRDA:96,12,1,0
BRDA:112,13,0,0
BRDA:112,13,1,0
BRDA:112,14,0,0
BRDA:112,14,1,0
BRDA:118,15,0,0
BRDA:118,15,1,0
BRDA:118,16,0,0
BRDA:118,16,1,0
BRDA:132,17,0,0
BRDA:132,17,1,0
BRDA:135,18,0,0
BRDA:135,18,1,0
BRDA:145,19,0,0
BRDA:145,19,1,0
BRDA:150,20,0,0
BRDA:150,20,1,0
BRDA:155,21,0,0
BRDA:155,21,1,0
BRDA:159,22,0,0
BRDA:159,22,1,0
BRDA:162,23,0,0
BRDA:162,23,1,0
BRDA:165,24,0,0
BRDA:165,24,1,0
BRDA:168,25,0,0
BRDA:168,25,1,0
BRDA:171,26,0,0
BRDA:171,26,1,0
BRDA:174,27,0,0
BRDA:174,27,1,0
BRDA:178,28,0,0
BRDA:178,28,1,0
BRDA:182,29,0,0
BRDA:182,29,1,0
BRDA:182,30,0,0
BRDA:182,30,1,0
BRDA:190,31,0,0
BRDA:190,31,1,0
BRDA:190,32,0,0
BRDA:190,32,1,0
BRDA:197,33,0,0
BRDA:197,33,1,0
BRDA:197,34,0,0
BRDA:197,34,1,0
BRDA:219,35,0,0
BRDA:219,36,0,0
BRDA:219,37,0,0
BRDA:237,38,0,0
BRDA:237,38,1,0
BRDA:237,39,0,0
BRDA:237,39,1,0
BRDA:239,40,0,0
BRDA:239,40,1,0
BRDA:239,41,0,0
BRDA:239,41,1,0
BRDA:247,42,0,0
BRDA:247,42,1,0
BRDA:247,43,0,0
BRDA:247,43,1,0
BRDA:265,44,0,0
BRDA:265,44,1,0
BRDA:279,45,0,0
BRDA:279,45,1,0
BRDA:284,46,0,0
BRDA:284,46,1,0
BRDA:289,47,0,0
BRDA:289,47,1,0
BRDA:295,48,0,0
BRDA:295,48,1,0
BRDA:299,49,0,0
BRDA:299,49,1,0
BRDA:301,50,0,0
BRDA:301,50,1,0
BRDA:308,51,0,0
BRDA:308,51,1,0
BRDA:317,52,0,0
BRDA:317,52,1,0
BRDA:319,53,0,0
BRDA:319,53,1,0
BRDA:321,54,0,0
BRDA:321,54,1,0
BRDA:323,55,0,0
BRDA:323,55,1,0
BRDA:325,56,0,0
BRDA:325,56,1,0
BRDA:327,57,0,0
BRDA:327,57,1,0
BRDA:342,58,0,0
BRDA:342,58,1,0
BRDA:348,59,0,0
BRDA:348,59,1,0
BRDA:348,60,0,0
BRDA:348,60,1,0
BRDA:351,61,0,0
BRDA:351,61,1,0
BRDA:362,62,0,0
BRF:121
BRH:0
end_of_record
TN:
SF:handlers\search-handler.js
FN:92,isSearchEnabled
FN:132,detectSearchTrigger
FN:291,(anonymous_2)
FN:350,(anonymous_3)
FN:355,(anonymous_4)
FN:381,(anonymous_5)
FN:416,(anonymous_6)
FN:454,isLocalSearchQuery
FN:481,processMessage
FN:535,(anonymous_9)
FN:559,sendSearchResult
FN:594,handleSearchIfTriggered
FN:651,getLastSearchResult
FN:659,setLastSearchResult
FN:669,processMessageWithSave
FN:682,getQueryTypeInfo
FN:698,(anonymous_16)
FN:715,(anonymous_17)
FNF:18
FNH:0
FNDA:0,isSearchEnabled
FNDA:0,detectSearchTrigger
FNDA:0,(anonymous_2)
FNDA:0,(anonymous_3)
FNDA:0,(anonymous_4)
FNDA:0,(anonymous_5)
FNDA:0,(anonymous_6)
FNDA:0,isLocalSearchQuery
FNDA:0,processMessage
FNDA:0,(anonymous_9)
FNDA:0,sendSearchResult
FNDA:0,handleSearchIfTriggered
FNDA:0,getLastSearchResult
FNDA:0,setLastSearchResult
FNDA:0,processMessageWithSave
FNDA:0,getQueryTypeInfo
FNDA:0,(anonymous_16)
FNDA:0,(anonymous_17)
DA:7,0
DA:8,0
DA:9,0
DA:12,0
DA:65,0
DA:95,0
DA:98,0
DA:103,0
DA:106,0
DA:107,0
DA:110,0
DA:115,0
DA:116,0
DA:119,0
DA:120,0
DA:124,0
DA:134,0
DA:135,0
DA:136,0
DA:138,0
DA:142,0
DA:143,0
DA:144,0
DA:146,0
DA:149,0
DA:152,0
DA:153,0
DA:154,0
DA:155,0
DA:156,0
DA:158,0
DA:163,0
DA:170,0
DA:171,0
DA:172,0
DA:173,0
DA:175,0
DA:180,0
DA:274,0
DA:275,0
DA:276,0
DA:278,0
DA:281,0
DA:282,0
DA:283,0
DA:284,0
DA:288,0
DA:289,0
DA:290,0
DA:291,0
DA:295,0
DA:304,0
DA:305,0
DA:306,0
DA:310,0
DA:316,0
DA:319,0
DA:320,0
DA:321,0
DA:322,0
DA:325,0
DA:328,0
DA:329,0
DA:333,0
DA:337,0
DA:340,0
DA:343,0
DA:346,0
DA:349,0
DA:350,0
DA:351,0
DA:354,0
DA:355,0
DA:356,0
DA:359,0
DA:361,0
DA:376,0
DA:377,0
DA:381,0
DA:383,0
DA:384,0
DA:388,0
DA:389,0
DA:393,0
DA:397,0
DA:400,0
DA:401,0
DA:402,0
DA:403,0
DA:405,0
DA:409,0
DA:415,0
DA:416,0
DA:417,0
DA:418,0
DA:420,0
DA:424,0
DA:425,0
DA:426,0
DA:428,0
DA:431,0
DA:432,0
DA:433,0
DA:435,0
DA:436,0
DA:440,0
DA:455,0
DA:456,0
DA:459,0
DA:462,0
DA:463,0
DA:464,0
DA:465,0
DA:466,0
DA:468,0
DA:473,0
DA:482,0
DA:483,0
DA:487,0
DA:489,0
DA:490,0
DA:494,0
DA:495,0
DA:496,0
DA:503,0
DA:505,0
DA:508,0
DA:509,0
DA:515,0
DA:516,0
DA:517,0
DA:519,0
DA:521,0
DA:522,0
DA:524,0
DA:528,0
DA:529,0
DA:530,0
DA:533,0
DA:534,0
DA:535,0
DA:536,0
DA:539,0
DA:541,0
DA:543,0
DA:560,0
DA:561,0
DA:564,0
DA:566,0
DA:569,0
DA:570,0
DA:571,0
DA:574,0
DA:576,0
DA:579,0
DA:580,0
DA:582,0
DA:585,0
DA:596,0
DA:597,0
DA:598,0
DA:600,0
DA:604,0
DA:605,0
DA:606,0
DA:608,0
DA:612,0
DA:613,0
DA:616,0
DA:618,0
DA:621,0
DA:622,0
DA:623,0
DA:625,0
DA:629,0
DA:630,0
DA:634,0
DA:636,0
DA:637,0
DA:645,0
DA:652,0
DA:660,0
DA:662,0
DA:663,0
DA:668,0
DA:670,0
DA:671,0
DA:672,0
DA:674,0
DA:683,0
DA:686,0
DA:698,0
DA:699,0
DA:700,0
DA:705,0
DA:706,0
DA:710,0
DA:711,0
DA:715,0
DA:716,0
DA:719,0
DA:723,0
LF:202
LH:0
BRDA:98,0,0,0
BRDA:98,0,1,0
BRDA:98,0,2,0
BRDA:103,1,0,0
BRDA:103,1,1,0
BRDA:106,2,0,0
BRDA:106,2,1,0
BRDA:107,3,0,0
BRDA:107,3,1,0
BRDA:107,4,0,0
BRDA:107,4,1,0
BRDA:107,5,0,0
BRDA:107,5,1,0
BRDA:110,6,0,0
BRDA:110,6,1,0
BRDA:111,7,0,0
BRDA:111,7,1,0
BRDA:112,8,0,0
BRDA:112,8,1,0
BRDA:115,9,0,0
BRDA:115,9,1,0
BRDA:116,10,0,0
BRDA:116,10,1,0
BRDA:119,11,0,0
BRDA:119,11,1,0
BRDA:134,12,0,0
BRDA:134,12,1,0
BRDA:134,13,0,0
BRDA:134,13,1,0
BRDA:135,14,0,0
BRDA:135,14,1,0
BRDA:142,15,0,0
BRDA:142,15,1,0
BRDA:143,16,0,0
BRDA:143,16,1,0
BRDA:152,17,0,0
BRDA:152,17,1,0
BRDA:154,18,0,0
BRDA:154,18,1,0
BRDA:155,19,0,0
BRDA:155,19,1,0
BRDA:171,20,0,0
BRDA:171,20,1,0
BRDA:172,21,0,0
BRDA:172,21,1,0
BRDA:276,22,0,0
BRDA:276,22,1,0
BRDA:281,23,0,0
BRDA:281,23,1,0
BRDA:281,24,0,0
BRDA:281,24,1,0
BRDA:288,25,0,0
BRDA:288,25,1,0
BRDA:289,26,0,0
BRDA:289,26,1,0
BRDA:298,27,0,0
BRDA:298,27,1,0
BRDA:305,28,0,0
BRDA:305,28,1,0
BRDA:305,29,0,0
BRDA:305,29,1,0
BRDA:321,30,0,0
BRDA:321,30,1,0
BRDA:328,31,0,0
BRDA:328,31,1,0
BRDA:328,32,0,0
BRDA:328,32,1,0
BRDA:337,33,0,0
BRDA:337,33,1,0
BRDA:337,34,0,0
BRDA:337,34,1,0
BRDA:337,34,2,0
BRDA:346,35,0,0
BRDA:346,35,1,0
BRDA:350,36,0,0
BRDA:350,36,1,0
BRDA:351,37,0,0
BRDA:351,37,1,0
BRDA:356,38,0,0
BRDA:356,38,1,0
BRDA:376,39,0,0
BRDA:376,39,1,0
BRDA:383,40,0,0
BRDA:383,40,1,0
BRDA:388,41,0,0
BRDA:388,41,1,0
BRDA:389,42,0,0
BRDA:389,42,1,0
BRDA:401,43,0,0
BRDA:401,43,1,0
BRDA:402,44,0,0
BRDA:402,44,1,0
BRDA:416,45,0,0
BRDA:416,45,1,0
BRDA:417,46,0,0
BRDA:417,46,1,0
BRDA:424,47,0,0
BRDA:424,47,1,0
BRDA:425,48,0,0
BRDA:425,48,1,0
BRDA:431,49,0,0
BRDA:431,49,1,0
BRDA:435,50,0,0
BRDA:435,50,1,0
BRDA:455,51,0,0
BRDA:455,51,1,0
BRDA:455,52,0,0
BRDA:455,52,1,0
BRDA:464,53,0,0
BRDA:464,53,1,0
BRDA:465,54,0,0
BRDA:465,54,1,0
BRDA:482,55,0,0
BRDA:482,55,1,0
BRDA:482,56,0,0
BRDA:482,56,1,0
BRDA:489,57,0,0
BRDA:489,57,1,0
BRDA:494,58,0,0
BRDA:494,58,1,0
BRDA:508,59,0,0
BRDA:508,59,1,0
BRDA:508,60,0,0
BRDA:508,60,1,0
BRDA:515,61,0,0
BRDA:515,61,1,0
BRDA:516,62,0,0
BRDA:516,62,1,0
BRDA:521,63,0,0
BRDA:521,63,1,0
BRDA:533,64,0,0
BRDA:533,64,1,0
BRDA:536,65,0,0
BRDA:536,65,1,0
BRDA:560,66,0,0
BRDA:560,66,1,0
BRDA:560,67,0,0
BRDA:560,67,1,0
BRDA:569,68,0,0
BRDA:569,68,1,0
BRDA:596,69,0,0
BRDA:596,69,1,0
BRDA:596,70,0,0
BRDA:596,70,1,0
BRDA:597,71,0,0
BRDA:597,71,1,0
BRDA:604,72,0,0
BRDA:604,72,1,0
BRDA:605,73,0,0
BRDA:605,73,1,0
BRDA:612,74,0,0
BRDA:612,74,1,0
BRDA:621,75,0,0
BRDA:621,75,1,0
BRDA:622,76,0,0
BRDA:622,76,1,0
BRDA:629,77,0,0
BRDA:629,77,1,0
BRDA:630,78,0,0
BRDA:630,78,1,0
BRDA:630,79,0,0
BRDA:630,79,1,0
BRDA:662,80,0,0
BRDA:662,80,1,0
BRDA:663,81,0,0
BRDA:663,81,1,0
BRDA:663,82,0,0
BRDA:663,82,1,0
BRDA:671,83,0,0
BRDA:671,83,1,0
BRDA:683,84,0,0
BRDA:683,84,1,0
BRDA:699,85,0,0
BRDA:699,85,1,0
BRDA:699,86,0,0
BRDA:699,86,1,0
BRDA:699,86,2,0
BRDA:705,87,0,0
BRDA:705,87,1,0
BRDA:710,88,0,0
BRDA:710,88,1,0
BRDA:715,89,0,0
BRDA:715,89,1,0
BRDA:715,90,0,0
BRDA:715,90,1,0
BRF:185
BRH:0
end_of_record
TN:
SF:server\health-server.js
FN:16,createServer
FN:17,(anonymous_1)
FN:31,(anonymous_2)
FN:36,(anonymous_3)
FN:48,handleHealthCheck
FN:62,handleStatusCheck
FN:77,(anonymous_6)
FN:93,(anonymous_7)
FNF:8
FNH:0
FNDA:0,createServer
FNDA:0,(anonymous_1)
FNDA:0,(anonymous_2)
FNDA:0,(anonymous_3)
FNDA:0,handleHealthCheck
FNDA:0,handleStatusCheck
FNDA:0,(anonymous_6)
FNDA:0,(anonymous_7)
DA:6,0
DA:7,0
DA:8,0
DA:11,0
DA:17,0
DA:19,0
DA:20,0
DA:21,0
DA:22,0
DA:25,0
DA:26,0
DA:31,0
DA:32,0
DA:36,0
DA:37,0
DA:40,0
DA:49,0
DA:50,0
DA:65,0
DA:67,0
DA:70,0
DA:76,0
DA:79,0
DA:80,0
DA:94,0
DA:97,0
DA:98,0
DA:109,0
LF:28
LH:0
BRDA:11,0,0,0
BRDA:11,0,1,0
BRDA:19,1,0,0
BRDA:19,1,1,0
BRDA:19,2,0,0
BRDA:19,2,1,0
BRDA:21,3,0,0
BRDA:21,3,1,0
BRDA:65,4,0,0
BRDA:65,4,1,0
BRDA:70,5,0,0
BRDA:70,5,1,0
BRDA:88,6,0,0
BRDA:88,6,1,0
BRF:14
BRH:0
end_of_record
TN:
SF:system\logger.js
FN:22,(anonymous_0)
FN:70,formatError
FN:100,(anonymous_2)
FN:101,(anonymous_3)
FN:110,(anonymous_4)
FN:111,(anonymous_5)
FN:120,(anonymous_6)
FN:121,(anonymous_7)
FN:131,(anonymous_8)
FN:146,(anonymous_9)
FNF:10
FNH:0
FNDA:0,(anonymous_0)
FNDA:0,formatError
FNDA:0,(anonymous_2)
FNDA:0,(anonymous_3)
FNDA:0,(anonymous_4)
FNDA:0,(anonymous_5)
FNDA:0,(anonymous_6)
FNDA:0,(anonymous_7)
FNDA:0,(anonymous_8)
FNDA:0,(anonymous_9)
DA:6,0
DA:7,0
DA:8,0
DA:9,0
DA:12,0
DA:13,0
DA:16,0
DA:17,0
DA:18,0
DA:22,0
DA:24,0
DA:25,0
DA:27,0
DA:31,0
DA:71,0
DA:73,0
DA:75,0
DA:76,0
DA:79,0
DA:80,0
DA:83,0
DA:84,0
DA:87,0
DA:88,0
DA:91,0
DA:95,0
DA:101,0
DA:102,0
DA:111,0
DA:112,0
DA:121,0
DA:122,0
DA:132,0
DA:133,0
DA:134,0
DA:135,0
DA:137,0
DA:147,0
DA:148,0
DA:149,0
DA:150,0
DA:152,0
LF:42
LH:0
BRDA:13,0,0,0
BRDA:13,0,1,0
BRDA:17,1,0,0
BRDA:17,1,1,0
BRDA:24,2,0,0
BRDA:24,2,1,0
BRDA:71,3,0,0
BRDA:71,3,1,0
BRDA:75,4,0,0
BRDA:75,4,1,0
BRDA:79,5,0,0
BRDA:79,5,1,0
BRDA:83,6,0,0
BRDA:83,6,1,0
BRDA:87,7,0,0
BRDA:87,7,1,0
BRDA:102,8,0,0
BRDA:102,8,1,0
BRDA:102,9,0,0
BRDA:102,9,1,0
BRDA:112,10,0,0
BRDA:112,10,1,0
BRDA:112,11,0,0
BRDA:112,11,1,0
BRDA:122,12,0,0
BRDA:122,12,1,0
BRDA:122,13,0,0
BRDA:122,13,1,0
BRDA:132,14,0,0
BRDA:132,14,1,0
BRDA:134,15,0,0
BRDA:134,15,1,0
BRDA:134,16,0,0
BRDA:134,16,1,0
BRDA:147,17,0,0
BRDA:147,17,1,0
BRDA:149,18,0,0
BRDA:149,18,1,0
BRDA:149,19,0,0
BRDA:149,19,1,0
BRF:40
BRH:0
end_of_record
TN:
SF:utilities\date-utils.js
FN:11,formatDateTime
FN:39,getRelativeTimeString
FN:78,toISOString
FN:90,isToday
FNF:4
FNH:0
FNDA:0,formatDateTime
FNDA:0,getRelativeTimeString
FNDA:0,toISOString
FNDA:0,isToday
DA:12,0
DA:13,0
DA:17,0
DA:20,0
DA:21,0
DA:22,0
DA:23,0
DA:26,0
DA:27,0
DA:28,0
DA:31,0
DA:41,0
DA:44,0
DA:47,0
DA:50,0
DA:51,0
DA:52,0
DA:53,0
DA:54,0
DA:55,0
DA:56,0
DA:57,0
DA:58,0
DA:59,0
DA:60,0
DA:61,0
DA:62,0
DA:63,0
DA:64,0
DA:65,0
DA:66,0
DA:68,0
DA:69,0
DA:79,0
DA:80,0
DA:82,0
DA:91,0
DA:92,0
DA:98,0
LF:39
LH:0
BRDA:12,0,0,0
BRDA:12,0,1,0
BRDA:12,1,0,0
BRDA:12,1,1,0
BRDA:41,2,0,0
BRDA:41,2,1,0
BRDA:50,3,0,0
BRDA:50,3,1,0
BRDA:52,4,0,0
BRDA:52,4,1,0
BRDA:55,5,0,0
BRDA:55,5,1,0
BRDA:58,6,0,0
BRDA:58,6,1,0
BRDA:61,7,0,0
BRDA:61,7,1,0
BRDA:64,8,0,0
BRDA:64,8,1,0
BRDA:79,9,0,0
BRDA:79,9,1,0
BRDA:79,10,0,0
BRDA:79,10,1,0
BRDA:92,11,0,0
BRDA:92,11,1,0
BRDA:92,11,2,0
BRF:25
BRH:0
end_of_record
